#
# There is insufficient memory for the Java Runtime Environment to continue.
# Native memory allocation (malloc) failed to allocate 1048576 bytes for AllocateHeap
# Possible reasons:
#   The system is out of physical RAM or swap space
#   In 32 bit mode, the process size limit was hit
# Possible solutions:
#   Reduce memory load on the system
#   Increase physical memory or swap space
#   Check if swap backing store is full
#   Use 64 bit Java on a 64 bit OS
#   Decrease Java heap size (-Xmx/-Xms)
#   Decrease number of Java threads
#   Decrease Java thread stack sizes (-Xss)
#   Set larger code cache with -XX:ReservedCodeCacheSize=
# This output file may be truncated or incomplete.
#
#  Out of Memory Error (memory/allocation.inline.hpp:61), pid=16132, tid=0x0000000000002114
#
# JRE version:  (8.0_171-b11) (build )
# Java VM: Java HotSpot(TM) 64-Bit Server VM (25.171-b11 mixed mode windows-amd64 compressed oops)
# Failed to write core dump. Minidumps are not enabled by default on client versions of Windows
#

---------------  T H R E A D  ---------------

Current thread (0x0000000003105800):  JavaThread "Unknown thread" [_thread_in_vm, id=8468, stack(0x0000000003000000,0x0000000003100000)]

Stack: [0x0000000003000000,0x0000000003100000]
[error occurred during error reporting (printing stack bounds), id 0xc0000005]

Native frames: (J=compiled Java code, j=interpreted, Vv=VM code, C=native code)


---------------  P R O C E S S  ---------------

Java Threads: ( => current thread )

Other Threads:

=>0x0000000003105800 (exited) JavaThread "Unknown thread" [_thread_in_vm, id=8468, stack(0x0000000003000000,0x0000000003100000)]

VM state:not at safepoint (normal execution)

VM Mutex/Monitor currently owned by a thread: None

Heap:
 PSYoungGen      total 18944K, used 327K [0x00000000eb300000, 0x00000000ec800000, 0x0000000100000000)
  eden space 16384K, 2% used [0x00000000eb300000,0x00000000eb351ec8,0x00000000ec300000)
  from space 2560K, 0% used [0x00000000ec580000,0x00000000ec580000,0x00000000ec800000)
  to   space 2560K, 0% used [0x00000000ec300000,0x00000000ec300000,0x00000000ec580000)
 ParOldGen       total 44032K, used 0K [0x00000000c1800000, 0x00000000c4300000, 0x00000000eb300000)
  object space 44032K, 0% used [0x00000000c1800000,0x00000000c1800000,0x00000000c4300000)
 Metaspace       used 750K, capacity 4480K, committed 4480K, reserved 1056768K
  class space    used 76K, capacity 384K, committed 384K, reserved 1048576K

Card table byte_map: [0x00000000125c0000,0x00000000127c0000] byte_map_base: 0x0000000011fb4000

Marking Bits: (ParMarkBitMap*) 0x0000000074b808c0
 Begin Bits: [0x0000000012d10000, 0x0000000013cb0000)
 End Bits:   [0x0000000013cb0000, 0x0000000014c50000)

Polling page: 0x0000000001700000

CodeCache: size=245760Kb used=328Kb max_used=328Kb free=245431Kb
 bounds [0x0000000003200000, 0x0000000003470000, 0x0000000012200000]
 total_blobs=58 nmethods=0 adapters=38
 compilation: enabled

Compilation events (0 events):
No events

GC Heap History (0 events):
No events

Deoptimization events (0 events):
No events

Classes redefined (0 events):
No events

Internal exceptions (0 events):
No events

Events (10 events):
Event: 2.847 loading class java/lang/Short
Event: 2.847 loading class java/lang/Short done
Event: 2.847 loading class java/lang/Integer
Event: 2.848 loading class java/lang/Integer done
Event: 2.848 loading class java/lang/Long
Event: 2.849 loading class java/lang/Long done
Event: 3.065 loading class java/lang/NullPointerException
Event: 3.065 loading class java/lang/NullPointerException done
Event: 3.065 loading class java/lang/ArithmeticException
Event: 3.066 loading class java/lang/ArithmeticException done


Dynamic libraries:
0x00007ff7c8250000 - 0x00007ff7c8287000 	C:\Program Files\Java\jre1.8.0_171\bin\javaw.exe
0x00007ff87e1e0000 - 0x00007ff87e3d0000 	C:\WINDOWS\SYSTEM32\ntdll.dll
0x00007ff8732a0000 - 0x00007ff8732b3000 	C:\Program Files\AVAST Software\Avast\aswhook.dll
0x00007ff87d8d0000 - 0x00007ff87d982000 	C:\WINDOWS\System32\KERNEL32.DLL
0x00007ff87ac30000 - 0x00007ff87aed3000 	C:\WINDOWS\System32\KERNELBASE.dll
0x00007ff87da10000 - 0x00007ff87dab3000 	C:\WINDOWS\System32\ADVAPI32.dll
0x00007ff87bdd0000 - 0x00007ff87be6e000 	C:\WINDOWS\System32\msvcrt.dll
0x00007ff87bd30000 - 0x00007ff87bdc7000 	C:\WINDOWS\System32\sechost.dll
0x00007ff87b900000 - 0x00007ff87ba20000 	C:\WINDOWS\System32\RPCRT4.dll
0x00007ff87c920000 - 0x00007ff87cab4000 	C:\WINDOWS\System32\USER32.dll
0x00007ff87a7e0000 - 0x00007ff87a801000 	C:\WINDOWS\System32\win32u.dll
0x00007ff87dd00000 - 0x00007ff87dd26000 	C:\WINDOWS\System32\GDI32.dll
0x00007ff87a8e0000 - 0x00007ff87aa74000 	C:\WINDOWS\System32\gdi32full.dll
0x00007ff87b010000 - 0x00007ff87b0ae000 	C:\WINDOWS\System32\msvcp_win.dll
0x00007ff87af10000 - 0x00007ff87b00a000 	C:\WINDOWS\System32\ucrtbase.dll
0x00007ff879b80000 - 0x00007ff879e05000 	C:\WINDOWS\WinSxS\amd64_microsoft.windows.common-controls_6595b64144ccf1df_6.0.18362.778_none_e6c6b761130d4fb8\COMCTL32.dll
0x00007ff87cb70000 - 0x00007ff87cea6000 	C:\WINDOWS\System32\combase.dll
0x00007ff87b0b0000 - 0x00007ff87b130000 	C:\WINDOWS\System32\bcryptPrimitives.dll
0x00007ff87c170000 - 0x00007ff87c19e000 	C:\WINDOWS\System32\IMM32.DLL
0x0000000074c00000 - 0x0000000074cd2000 	C:\Program Files\Java\jre1.8.0_171\bin\msvcr100.dll
0x0000000074360000 - 0x0000000074c00000 	C:\Program Files\Java\jre1.8.0_171\bin\server\jvm.dll
0x00007ff87dc90000 - 0x00007ff87dc98000 	C:\WINDOWS\System32\PSAPI.DLL
0x00007ff86a9f0000 - 0x00007ff86a9f9000 	C:\WINDOWS\SYSTEM32\WSOCK32.dll
0x00007ff87ceb0000 - 0x00007ff87cf1f000 	C:\WINDOWS\System32\WS2_32.dll
0x00007ff877300000 - 0x00007ff877324000 	C:\WINDOWS\SYSTEM32\WINMM.dll
0x00007ff86f750000 - 0x00007ff86f75a000 	C:\WINDOWS\SYSTEM32\VERSION.dll
0x00007ff8772d0000 - 0x00007ff8772fd000 	C:\WINDOWS\SYSTEM32\WINMMBASE.dll
0x00007ff87b130000 - 0x00007ff87b17a000 	C:\WINDOWS\System32\cfgmgr32.dll
0x0000000074350000 - 0x000000007435f000 	C:\Program Files\Java\jre1.8.0_171\bin\verify.dll
0x0000000074320000 - 0x0000000074349000 	C:\Program Files\Java\jre1.8.0_171\bin\java.dll
0x0000000074300000 - 0x0000000074316000 	C:\Program Files\Java\jre1.8.0_171\bin\zip.dll

VM Arguments:
jvm_args: -Dcom.sun.management.jmxremote -Dcom.sun.management.jmxremote.port=64980 -Dcom.sun.management.jmxremote.authenticate=false -Dcom.sun.management.jmxremote.ssl=false -Djava.rmi.server.hostname=localhost -Dspring.jmx.enabled=true -Dspring.application.admin.enabled=true -Xverify:none -XX:TieredStopAtLevel=1 -Dspring.boot.project.name=gestionDesNotes -Dfile.encoding=UTF-8 
java_command: com.examplegestionDesNotes.GestionDesNotesApplication
java_class_path (initial): C:\Users\Admin\git\gestionDesNotes\target\classes;C:\Users\Admin\.m2\repository\org\springframework\security\spring-security-config\5.0.4.RELEASE\spring-security-config-5.0.4.RELEASE.jar;C:\Users\Admin\.m2\repository\org\springframework\security\spring-security-core\5.0.4.RELEASE\spring-security-core-5.0.4.RELEASE.jar;C:\Users\Admin\.m2\repository\org\springframework\security\spring-security-web\5.0.4.RELEASE\spring-security-web-5.0.4.RELEASE.jar;C:\Users\Admin\.m2\repository\org\springframework\boot\spring-boot-starter-data-jpa\2.2.6.RELEASE\spring-boot-starter-data-jpa-2.2.6.RELEASE.jar;C:\Users\Admin\.m2\repository\org\springframework\boot\spring-boot-starter-aop\2.2.6.RELEASE\spring-boot-starter-aop-2.2.6.RELEASE.jar;C:\Users\Admin\.m2\repository\org\aspectj\aspectjweaver\1.9.5\aspectjweaver-1.9.5.jar;C:\Users\Admin\.m2\repository\org\springframework\boot\spring-boot-starter-jdbc\2.2.6.RELEASE\spring-boot-starter-jdbc-2.2.6.RELEASE.jar;C:\Users\Admin\.m2\repository\com\zaxxer\HikariCP\3.4.2\HikariCP-3.4.2.jar;C:\Users\Admin\.m2\repository\org\springframework\spring-jdbc\5.2.5.RELEASE\spring-jdbc-5.2.5.RELEASE.jar;C:\Users\Admin\.m2\repository\jakarta\activation\jakarta.activation-api\1.2.2\jakarta.activation-api-1.2.2.jar;C:\Users\Admin\.m2\repository\jakarta\persistence\jakarta.persistence-api\2.2.3\jakarta.persistence-api-2.2.3.jar;C:\Users\Admin\.m2\repository\jakarta\transaction\jakarta.transaction-api\1.3.3\jakarta.transaction-api-1.3.3.jar;C:\Users\Admin\.m2\repository\org\hibernate\hibernate-core\5.4.12.Final\hibernate-core-5.4.12.Final.jar;C:\Users\Admin\.m2\repository\org\jboss\logging\jboss-logging\3.4.1.Final\jboss-logging-3.4.1.Final.jar;C:\Users\Admin\.m2\repository\org\javassist\javassist\3.24.0-GA\javassist-3.24.0-GA.jar;C:\Users\Admin\.m2\repository\net\bytebuddy\byte-buddy\1.10.8\byte-buddy-1.10.8.jar;C:\Users\Admin\.m2\repository\antlr\antlr\2.7.7\antlr-2.7.7.jar;C:\Users\Admin\.m2\repository\org\jboss\jandex\2.1.1.
Launcher Type: SUN_STANDARD

Environment Variables:
PATH=C:/Program Files/Java/jdk-12.0.2/bin/server;C:/Program Files/Java/jdk-12.0.2/bin;C:\Program Files (x86)\Common Files\Oracle\Java\javapath;C:\WINDOWS\system32;C:\WINDOWS;C:\WINDOWS\System32\Wbem;C:\WINDOWS\System32\WindowsPowerShell\v1.0\;C:\WINDOWS\System32\OpenSSH\;C:\Program Files\nodejs\;C:\Users\Admin\AppData\Local\Microsoft\WindowsApps;C:\Users\Admin\AppData\Roaming\npm;C:\Users\Admin\Desktop;
USERNAME=Admin
OS=Windows_NT
PROCESSOR_IDENTIFIER=Intel64 Family 6 Model 69 Stepping 1, GenuineIntel



---------------  S Y S T E M  ---------------

OS: Windows 10.0 , 64 bit Build 18362 (10.0.18362.778)

CPU:total 4 (initial active 4) (2 cores per cpu, 2 threads per core) family 6 model 69 stepping 1, cmov, cx8, fxsr, mmx, sse, sse2, sse3, ssse3, sse4.1, sse4.2, popcnt, avx, avx2, aes, clmul, erms, lzcnt, ht, tsc, tscinvbit, bmi1, bmi2

Memory: 4k page, physical 4088940k(380180k free), swap 16376940k(1748k free)

vm_info: Java HotSpot(TM) 64-Bit Server VM (25.171-b11) for windows-amd64 JRE (1.8.0_171-b11), built on Mar 28 2018 16:06:12 by "java_re" with MS VC++ 10.0 (VS2010)

time: Mon May 18 02:13:39 2020
elapsed time: 5 seconds (0d 0h 0m 5s)

