#
# There is insufficient memory for the Java Runtime Environment to continue.
# Native memory allocation (malloc) failed to allocate 32744 bytes for ChunkPool::allocate
# Possible reasons:
#   The system is out of physical RAM or swap space
#   In 32 bit mode, the process size limit was hit
# Possible solutions:
#   Reduce memory load on the system
#   Increase physical memory or swap space
#   Check if swap backing store is full
#   Use 64 bit Java on a 64 bit OS
#   Decrease Java heap size (-Xmx/-Xms)
#   Decrease number of Java threads
#
#  Out of Memory Error
#
# ]
[error occurred during error reporting (printing stack bounds), id 0xc0000005]

Native frames: (J=compiled Java code, j=interpreted, Vv=VM code, C=native code)


Current CompileTask:
C1: 458178 1067       1       org.springframework.boot.context.properties.source.ConfigurationPropertyName$ElementsParser::updateType (109 bytes)


---------------  P R O C E S S  ---------------

Java Threads: ( => current thread )
  0x0000000016efd000 JavaThread "background-preinit" [_thread_in_native, id=17384, stack(0x0000000018380000,0x0000000018480000)]
  0x000000001785e800 JavaThread "RMI TCP Accept-0" daemon [_thread_in_native, id=16832, stack(0x0000000018010000,0x0000000018110000)]
  0x000000001785c000 JavaThread "RMI TCP Accept-64957" daemon [_thread_in_native, id=16564, stack(0x0000000017f10000,0x0000000018010000)]
  0x000000001784d800 JavaThread "RMI TCP Accept-0" daemon [_thread_in_native, id=6948, stack(0x0000000017e10000,0x0000000017f10000)]
  0x000000001529d800 JavaThread "Service Thread" daemon [_thread_blocked, id=10064, stack(0x0000000016fd0000,0x00000000170d0000)]
=>0x000000001528f800 JavaThread "C1 CompilerThread2" daemon [_thread_in_native, id=8744, stack(0x0000000016ad0000,0x0000000016bd0000)]
  0x0000000015284800 JavaThread "C2 CompilerThread1" daemon [_thread_blocked, id=560, stack(0x00000000169d0000,0x0000000016ad0000)]
  0x0000000015242000 JavaThread "C2 CompilerThread0" daemon [_thread_blocked, id=11680, stack(0x00000000168d0000,0x00000000169d0000)]
  0x0000000015240800 JavaThread "Attach Listener" daemon [_thread_blocked, id=11788, stack(0x00000000167d0000,0x00000000168d0000)]
  0x000000001523f800 JavaThread "Signal Dispatcher" daemon [_thread_blocked, id=12396, stack(0x00000000166d0000,0x00000000167d0000)]
  0x000000001522a000 JavaThread "Finalizer" daemon [_thread_blocked, id=11832, stack(0x00000000164a0000,0x00000000165a0000)]
  0x0000000002c44000 JavaThread "Reference Handler" daemon [_thread_blocked, id=5040, stack(0x00000000163a0000,0x00000000164a0000)]
  0x0000000002b55800 JavaThread "main" [_thread_in_vm, id=7592, stack(0x0000000002a50000,0x0000000002b50000)]

Other Threads:
  0x0000000015207800 VMThread [stack: 0x00000000162a0000,0x00000000163a0000] [id=7024]
  0x0000000017864000 WatcherThread [stack: 0x0000000018110000,0x0000000018210000] [id=17028]

VM state:not at safepoint (normal execution)

VM Mutex/Monitor currently owned by a thread: None

Heap:
 PSYoungGen      total 27136K, used 9064K [0x00000000eb300000, 0x00000000ed580000, 0x0000000100000000)
  eden space 24576K, 26% used [0x00000000eb300000,0x00000000eb95dd50,0x00000000ecb00000)
  from space 2560K, 99% used [0x00000000ecd80000,0x00000000ecffc528,0x00000000ed000000)
  to   space 2560K, 0% used [0x00000000ecb00000,0x00000000ecb00000,0x00000000ecd80000)
 ParOldGen       total 18944K, used 2370K [0x00000000c1800000, 0x00000000c2a80000, 0x00000000eb300000)
  object space 18944K, 12% used [0x00000000c1800000,0x00000000c1a50ab8,0x00000000c2a80000)
 Metaspace       used 13868K, capacity 14184K, committed 14336K, reserved 1062912K
  class space    used 1853K, capacity 1974K, committed 2048K, reserved 1048576K

Card table byte_map: [0x0000000012010000,0x0000000012210000] byte_map_base: 0x0000000011a04000

Marking Bits: (ParMarkBitMap*) 0x0000000074b808c0
 Begin Bits: [0x0000000012760000, 0x0000000013700000)
 End Bits:   [0x0000000013700000, 0x00000000146a0000)

Polling page: 0x0000000001070000

CodeCache: size=245760Kb used=2718Kb max_used=2722Kb free=243042Kb
 bounds [0x0000000002c50000, 0x0000000002f00000, 0x0000000011c50000]
 total_blobs=1437 nmethods=1059 adapters=291
 compilation: enabled

Compilation events (10 events):
Event: 347.828 Thread 0x000000001528f800 nmethod 1059 0x0000000002da9790 code [0x0000000002da98e0, 0x0000000002da99f0]
Event: 351.869 Thread 0x000000001528f800 1061       1       java.util.Collections::emptyIterator (4 bytes)
Event: 351.870 Thread 0x000000001528f800 nmethod 1061 0x0000000002da9390 code [0x0000000002da94e0, 0x0000000002da95d0]
Event: 351.910 Thread 0x000000001528f800 1062       1       sun.reflect.Reflection::quickCheckMemberAccess (10 bytes)
Event: 351.911 Thread 0x000000001528f800 nmethod 1062 0x0000000002da9090 code [0x0000000002da91e0, 0x0000000002da9308]
Event: 409.181 Thread 0x000000001528f800 1063       1       java.lang.reflect.Method::getAnnotationBytes (5 bytes)
Event: 409.182 Thread 0x000000001528f800 nmethod 1063 0x0000000002da8dd0 code [0x0000000002da8f20, 0x0000000002da9030]
Event: 409.428 Thread 0x000000001528f800 1066       1       org.springframework.boot.context.properties.source.ConfigurationPropertyName$ElementType::isIndexed (5 bytes)
Event: 409.429 Thread 0x000000001528f800 nmethod 1066 0x0000000002e07e50 code [0x0000000002e07fa0, 0x0000000002e080b0]
Event: 409.477 Thread 0x000000001528f800 1067       1       org.springframework.boot.context.properties.source.ConfigurationPropertyName$ElementsParser::updateType (109 bytes)

GC Heap History (10 events):
Event: 196.456 GC heap before
{Heap before GC invocations=1 (full 0):
 PSYoungGen      total 18944K, used 9097K [0x00000000eb300000, 0x00000000ec800000, 0x0000000100000000)
  eden space 16384K, 55% used [0x00000000eb300000,0x00000000ebbe26c8,0x00000000ec300000)
  from space 2560K, 0% used [0x00000000ec580000,0x00000000ec580000,0x00000000ec800000)
  to   space 2560K, 0% used [0x00000000ec300000,0x00000000ec300000,0x00000000ec580000)
 ParOldGen       total 44032K, used 0K [0x00000000c1800000, 0x00000000c4300000, 0x00000000eb300000)
  object space 44032K, 0% used [0x00000000c1800000,0x00000000c1800000,0x00000000c4300000)
 Metaspace       used 8013K, capacity 8180K, committed 8320K, reserved 1060864K
  class space    used 997K, capacity 1064K, committed 1152K, reserved 1048576K
Event: 197.103 GC heap after
Heap after GC invocations=1 (full 0):
 PSYoungGen      total 18944K, used 2151K [0x00000000eb300000, 0x00000000ec800000, 0x0000000100000000)
  eden space 16384K, 0% used [0x00000000eb300000,0x00000000eb300000,0x00000000ec300000)
  from space 2560K, 84% used [0x00000000ec300000,0x00000000ec519fc0,0x00000000ec580000)
  to   space 2560K, 0% used [0x00000000ec580000,0x00000000ec580000,0x00000000ec800000)
 ParOldGen       total 44032K, used 8K [0x00000000c1800000, 0x00000000c4300000, 0x00000000eb300000)
  object space 44032K, 0% used [0x00000000c1800000,0x00000000c1802000,0x00000000c4300000)
 Metaspace       used 8013K, capacity 8180K, committed 8320K, reserved 1060864K
  class space    used 997K, capacity 1064K, committed 1152K, reserved 1048576K
}
Event: 197.104 GC heap before
{Heap before GC invocations=2 (full 1):
 PSYoungGen      total 18944K, used 2151K [0x00000000eb300000, 0x00000000ec800000, 0x0000000100000000)
  eden space 16384K, 0% used [0x00000000eb300000,0x00000000eb300000,0x00000000ec300000)
  from space 2560K, 84% used [0x00000000ec300000,0x00000000ec519fc0,0x00000000ec580000)
  to   space 2560K, 0% used [0x00000000ec580000,0x00000000ec580000,0x00000000ec800000)
 ParOldGen       total 44032K, used 8K [0x00000000c1800000, 0x00000000c4300000, 0x00000000eb300000)
  object space 44032K, 0% used [0x00000000c1800000,0x00000000c1802000,0x00000000c4300000)
 Metaspace       used 8013K, capacity 8180K, committed 8320K, reserved 1060864K
  class space    used 997K, capacity 1064K, committed 1152K, reserved 1048576K
Event: 198.389 GC heap after
Heap after GC invocations=2 (full 1):
 PSYoungGen      total 18944K, used 0K [0x00000000eb300000, 0x00000000ec800000, 0x0000000100000000)
  eden space 16384K, 0% used [0x00000000eb300000,0x00000000eb300000,0x00000000ec300000)
  from space 2560K, 0% used [0x00000000ec300000,0x00000000ec300000,0x00000000ec580000)
  to   space 2560K, 0% used [0x00000000ec580000,0x00000000ec580000,0x00000000ec800000)
 ParOldGen       total 18944K, used 2061K [0x00000000c1800000, 0x00000000c2a80000, 0x00000000eb300000)
  object space 18944K, 10% used [0x00000000c1800000,0x00000000c1a03550,0x00000000c2a80000)
 Metaspace       used 8013K, capacity 8180K, committed 8320K, reserved 1058816K
  class space    used 997K, capacity 1064K, committed 1152K, reserved 1048576K
}
Event: 251.796 GC heap before
{Heap before GC invocations=3 (full 1):
 PSYoungGen      total 18944K, used 16384K [0x00000000eb300000, 0x00000000ec800000, 0x0000000100000000)
  eden space 16384K, 100% used [0x00000000eb300000,0x00000000ec300000,0x00000000ec300000)
  from space 2560K, 0% used [0x00000000ec300000,0x00000000ec300000,0x00000000ec580000)
  to   space 2560K, 0% used [0x00000000ec580000,0x00000000ec580000,0x00000000ec800000)
 ParOldGen       total 18944K, used 2061K [0x00000000c1800000, 0x00000000c2a80000, 0x00000000eb300000)
  object space 18944K, 10% used [0x00000000c1800000,0x00000000c1a03550,0x00000000c2a80000)
 Metaspace       used 10249K, capacity 10536K, committed 10624K, reserved 1058816K
  class space    used 1296K, capacity 1382K, committed 1408K, reserved 1048576K
Event: 252.592 GC heap after
Heap after GC invocations=3 (full 1):
 PSYoungGen      total 18944K, used 2165K [0x00000000eb300000, 0x00000000ed180000, 0x0000000100000000)
  eden space 16384K, 0% used [0x00000000eb300000,0x00000000eb300000,0x00000000ec300000)
  from space 2560K, 84% used [0x00000000ec580000,0x00000000ec79d608,0x00000000ec800000)
  to   space 2560K, 0% used [0x00000000ec300000,0x00000000ec300000,0x00000000ec580000)
 ParOldGen       total 18944K, used 2069K [0x00000000c1800000, 0x00000000c2a80000, 0x00000000eb300000)
  object space 18944K, 10% used [0x00000000c1800000,0x00000000c1a05550,0x00000000c2a80000)
 Metaspace       used 10249K, capacity 10536K, committed 10624K, reserved 1058816K
  class space    used 1296K, capacity 1382K, committed 1408K, reserved 1048576K
}
Event: 330.835 GC heap before
{Heap before GC invocations=4 (full 1):
 PSYoungGen      total 18944K, used 18549K [0x00000000eb300000, 0x00000000ed180000, 0x0000000100000000)
  eden space 16384K, 100% used [0x00000000eb300000,0x00000000ec300000,0x00000000ec300000)
  from space 2560K, 84% used [0x00000000ec580000,0x00000000ec79d608,0x00000000ec800000)
  to   space 2560K, 0% used [0x00000000ec300000,0x00000000ec300000,0x00000000ec580000)
 ParOldGen       total 18944K, used 2069K [0x00000000c1800000, 0x00000000c2a80000, 0x00000000eb300000)
  object space 18944K, 10% used [0x00000000c1800000,0x00000000c1a05550,0x00000000c2a80000)
 Metaspace       used 12556K, capacity 12882K, committed 13056K, reserved 1060864K
  class space    used 1594K, capacity 1693K, committed 1792K, reserved 1048576K
Event: 330.856 GC heap after
Heap after GC invocations=4 (full 1):
 PSYoungGen      total 18944K, used 2555K [0x00000000eb300000, 0x00000000ed000000, 0x0000000100000000)
  eden space 16384K, 0% used [0x00000000eb300000,0x00000000eb300000,0x00000000ec300000)
  from space 2560K, 99% used [0x00000000ec300000,0x00000000ec57ed00,0x00000000ec580000)
  to   space 2560K, 0% used [0x00000000ecd80000,0x00000000ecd80000,0x00000000ed000000)
 ParOldGen       total 18944K, used 2229K [0x00000000c1800000, 0x00000000c2a80000, 0x00000000eb300000)
  object space 18944K, 11% used [0x00000000c1800000,0x00000000c1a2d770,0x00000000c2a80000)
 Metaspace       used 12556K, capacity 12882K, committed 13056K, reserved 1060864K
  class space    used 1594K, capacity 1693K, committed 1792K, reserved 1048576K
}
Event: 333.769 GC heap before
{Heap before GC invocations=5 (full 1):
 PSYoungGen      total 18944K, used 18939K [0x00000000eb300000, 0x00000000ed000000, 0x0000000100000000)
  eden space 16384K, 100% used [0x00000000eb300000,0x00000000ec300000,0x00000000ec300000)
  from space 2560K, 99% used [0x00000000ec300000,0x00000000ec57ed00,0x00000000ec580000)
  to   space 2560K, 0% used [0x00000000ecd80000,0x00000000ecd80000,0x00000000ed000000)
 ParOldGen       total 18944K, used 2229K [0x00000000c1800000, 0x00000000c2a80000, 0x00000000eb300000)
  object space 18944K, 11% used [0x00000000c1800000,0x00000000c1a2d770,0x00000000c2a80000)
 Metaspace       used 13402K, capacity 13692K, committed 13952K, reserved 1062912K
  class space    used 1790K, capacity 1898K, committed 1920K, reserved 1048576K
Event: 334.168 GC heap after
Heap after GC invocations=5 (full 1):
 PSYoungGen      total 27136K, used 2545K [0x00000000eb300000, 0x00000000ed580000, 0x0000000100000000)
  eden space 24576K, 0% used [0x00000000eb300000,0x00000000eb300000,0x00000000ecb00000)
  from space 2560K, 99% used [0x00000000ecd80000,0x00000000ecffc528,0x00000000ed000000)
  to   space 2560K, 0% used [0x00000000ecb00000,0x00000000ecb00000,0x00000000ecd80000)
 ParOldGen       total 18944K, used 2370K [0x00000000c1800000, 0x00000000c2a80000, 0x00000000eb300000)
  object space 18944K, 12% used [0x00000000c1800000,0x00000000c1a50ab8,0x00000000c2a80000)
 Metaspace       used 13402K, capacity 13692K, committed 13952K, reserved 1062912K
  class space    used 1790K, capacity 1898K, committed 1920K, reserved 1048576K
}

Deoptimization events (0 events):
No events

Classes redefined (0 events):
No events

Internal exceptions (10 events):
Event: 331.268 Thread 0x0000000016efd000 Exception <a 'java/lang/ArrayIndexOutOfBoundsException'> (0x00000000ec2169b0) thrown at [C:\re\workspace\8-2-build-windows-amd64-cygwin\jdk8u171\10807\hotspot\src\share\vm\runtime\sharedRuntime.cpp, line 605]
Event: 331.272 Thread 0x0000000016efd000 Exception <a 'java/lang/ArrayIndexOutOfBoundsException'> (0x00000000ec23e740) thrown at [C:\re\workspace\8-2-build-windows-amd64-cygwin\jdk8u171\10807\hotspot\src\share\vm\runtime\sharedRuntime.cpp, line 605]
Event: 331.272 Thread 0x0000000016efd000 Exception <a 'java/lang/ArrayIndexOutOfBoundsException'> (0x00000000ec240428) thrown at [C:\re\workspace\8-2-build-windows-amd64-cygwin\jdk8u171\10807\hotspot\src\share\vm\runtime\sharedRuntime.cpp, line 605]
Event: 331.277 Thread 0x0000000016efd000 Exception <a 'java/lang/ArrayIndexOutOfBoundsException'> (0x00000000ec266218) thrown at [C:\re\workspace\8-2-build-windows-amd64-cygwin\jdk8u171\10807\hotspot\src\share\vm\runtime\sharedRuntime.cpp, line 605]
Event: 331.280 Thread 0x0000000016efd000 Exception <a 'java/lang/ArrayIndexOutOfBoundsException'> (0x00000000ec27ed08) thrown at [C:\re\workspace\8-2-build-windows-amd64-cygwin\jdk8u171\10807\hotspot\src\share\vm\runtime\sharedRuntime.cpp, line 605]
Event: 331.282 Thread 0x0000000016efd000 Exception <a 'java/lang/ArrayIndexOutOfBoundsException'> (0x00000000ec296e40) thrown at [C:\re\workspace\8-2-build-windows-amd64-cygwin\jdk8u171\10807\hotspot\src\share\vm\runtime\sharedRuntime.cpp, line 605]
Event: 331.284 Thread 0x0000000016efd000 Exception <a 'java/lang/ArrayIndexOutOfBoundsException'> (0x00000000ec2ab948) thrown at [C:\re\workspace\8-2-build-windows-amd64-cygwin\jdk8u171\10807\hotspot\src\share\vm\runtime\sharedRuntime.cpp, line 605]
Event: 409.181 Thread 0x0000000016efd000 Exception <a 'java/lang/ArrayIndexOutOfBoundsException'> (0x00000000eb881d78) thrown at [C:\re\workspace\8-2-build-windows-amd64-cygwin\jdk8u171\10807\hotspot\src\share\vm\runtime\sharedRuntime.cpp, line 605]
Event: 409.208 Thread 0x0000000016efd000 Exception <a 'java/lang/ArrayIndexOutOfBoundsException'> (0x00000000eb882900) thrown at [C:\re\workspace\8-2-build-windows-amd64-cygwin\jdk8u171\10807\hotspot\src\share\vm\runtime\sharedRuntime.cpp, line 605]
Event: 409.208 Thread 0x0000000016efd000 Exception <a 'java/lang/ArrayIndexOutOfBoundsException'> (0x00000000eb8843d0) thrown at [C:\re\workspace\8-2-build-windows-amd64-cygwin\jdk8u171\10807\hotspot\src\share\vm\runtime\sharedRuntime.cpp, line 605]

Events (10 events):
Event: 409.429 loading class org/springframework/boot/context/properties/source/ConfigurationPropertyName$Form done
Event: 409.430 loading class java/lang/ProcessEnvironment$CheckedKeySet
Event: 409.431 loading class org/hibernate/validator/internal/metadata/descriptor/ConstraintDescriptorImpl
Event: 409.431 loading class org/hibernate/validator/internal/metadata/descriptor/ConstraintDescriptorImpl done
Event: 409.431 loading class org/hibernate/validator/internal/metadata/provider/AnnotationMetaDataProvider
Event: 409.431 loading class org/hibernate/validator/internal/metadata/provider/AnnotationMetaDataProvider done
Event: 409.432 loading class java/util/stream/ReferencePipeline$7$1
Event: 409.535 loading class java/lang/ProcessEnvironment$CheckedKeySet done
Event: 409.535 loading class org/springframework/boot/context/properties/source/SystemEnvironmentPropertyMapper
Event: 409.535 loading class org/springframework/boot/context/properties/source/SystemEnvironmentPropertyMapper done


Dynamic libraries:
0x00007ff7c8250000 - 0x00007ff7c8287000 	C:\Program Files\Java\jre1.8.0_171\bin\javaw.exe
0x00007ff87e1e0000 - 0x00007ff87e3d0000 	C:\WINDOWS\SYSTEM32\ntdll.dll
0x00007ff8732a0000 - 0x00007ff8732b3000 	C:\Program Files\AVAST Software\Avast\aswhook.dll
0x00007ff87d8d0000 - 0x00007ff87d982000 	C:\WINDOWS\System32\KERNEL32.DLL
0x00007ff87ac30000 - 0x00007ff87aed3000 	C:\WINDOWS\System32\KERNELBASE.dll
0x00007ff87da10000 - 0x00007ff87dab3000 	C:\WINDOWS\System32\ADVAPI32.dll
0x00007ff87bdd0000 - 0x00007ff87be6e000 	C:\WINDOWS\System32\msvcrt.dll
0x00007ff87bd30000 - 0x00007ff87bdc7000 	C:\WINDOWS\System32\sechost.dll
0x00007ff87b900000 - 0x00007ff87ba20000 	C:\WINDOWS\System32\RPCRT4.dll
0x00007ff87c920000 - 0x00007ff87cab4000 	C:\WINDOWS\System32\USER32.dll
0x00007ff87a7e0000 - 0x00007ff87a801000 	C:\WINDOWS\System32\win32u.dll
0x00007ff87dd00000 - 0x00007ff87dd26000 	C:\WINDOWS\System32\GDI32.dll
0x00007ff87a8e0000 - 0x00007ff87aa74000 	C:\WINDOWS\System32\gdi32full.dll
0x00007ff87b010000 - 0x00007ff87b0ae000 	C:\WINDOWS\System32\msvcp_win.dll
0x00007ff87af10000 - 0x00007ff87b00a000 	C:\WINDOWS\System32\ucrtbase.dll
0x00007ff879b80000 - 0x00007ff879e05000 	C:\WINDOWS\WinSxS\amd64_microsoft.windows.common-controls_6595b64144ccf1df_6.0.18362.778_none_e6c6b761130d4fb8\COMCTL32.dll
0x00007ff87cb70000 - 0x00007ff87cea6000 	C:\WINDOWS\System32\combase.dll
0x00007ff87b0b0000 - 0x00007ff87b130000 	C:\WINDOWS\System32\bcryptPrimitives.dll
0x00007ff87c170000 - 0x00007ff87c19e000 	C:\WINDOWS\System32\IMM32.DLL
0x0000000074c00000 - 0x0000000074cd2000 	C:\Program Files\Java\jre1.8.0_171\bin\msvcr100.dll
0x0000000074360000 - 0x0000000074c00000 	C:\Program Files\Java\jre1.8.0_171\bin\server\jvm.dll
0x00007ff87dc90000 - 0x00007ff87dc98000 	C:\WINDOWS\System32\PSAPI.DLL
0x00007ff86a9f0000 - 0x00007ff86a9f9000 	C:\WINDOWS\SYSTEM32\WSOCK32.dll
0x00007ff87ceb0000 - 0x00007ff87cf1f000 	C:\WINDOWS\System32\WS2_32.dll
0x00007ff877300000 - 0x00007ff877324000 	C:\WINDOWS\SYSTEM32\WINMM.dll
0x00007ff86f750000 - 0x00007ff86f75a000 	C:\WINDOWS\SYSTEM32\VERSION.dll
0x00007ff8772d0000 - 0x00007ff8772fd000 	C:\WINDOWS\SYSTEM32\WINMMBASE.dll
0x00007ff87b130000 - 0x00007ff87b17a000 	C:\WINDOWS\System32\cfgmgr32.dll
0x0000000074350000 - 0x000000007435f000 	C:\Program Files\Java\jre1.8.0_171\bin\verify.dll
0x0000000074320000 - 0x0000000074349000 	C:\Program Files\Java\jre1.8.0_171\bin\java.dll
0x0000000074300000 - 0x0000000074316000 	C:\Program Files\Java\jre1.8.0_171\bin\zip.dll
0x00007ff87cfe0000 - 0x00007ff87d6c5000 	C:\WINDOWS\System32\SHELL32.dll
0x00007ff87cf30000 - 0x00007ff87cfd9000 	C:\WINDOWS\System32\shcore.dll
0x00007ff87b180000 - 0x00007ff87b900000 	C:\WINDOWS\System32\windows.storage.dll
0x00007ff87a740000 - 0x00007ff87a763000 	C:\WINDOWS\System32\profapi.dll
0x00007ff87a790000 - 0x00007ff87a7da000 	C:\WINDOWS\System32\powrprof.dll
0x00007ff87a710000 - 0x00007ff87a720000 	C:\WINDOWS\System32\UMPDC.dll
0x00007ff87bfb0000 - 0x00007ff87c002000 	C:\WINDOWS\System32\shlwapi.dll
0x00007ff87a770000 - 0x00007ff87a781000 	C:\WINDOWS\System32\kernel.appcore.dll
0x00007ff87a810000 - 0x00007ff87a827000 	C:\WINDOWS\System32\cryptsp.dll
0x00000000742f0000 - 0x00000000742fd000 	C:\Program Files\Java\jre1.8.0_171\bin\management.dll
0x00000000742d0000 - 0x00000000742ea000 	C:\Program Files\Java\jre1.8.0_171\bin\net.dll
0x00007ff879920000 - 0x00007ff879987000 	C:\WINDOWS\system32\mswsock.dll
0x00000000742b0000 - 0x00000000742c1000 	C:\Program Files\Java\jre1.8.0_171\bin\nio.dll
0x00007ff85c4c0000 - 0x00007ff85c4d6000 	C:\WINDOWS\system32\napinsp.dll
0x00007ff85f2a0000 - 0x00007ff85f2ba000 	C:\WINDOWS\system32\pnrpnsp.dll
0x00007ff879670000 - 0x00007ff87973a000 	C:\WINDOWS\SYSTEM32\DNSAPI.dll
0x00007ff87cf20000 - 0x00007ff87cf28000 	C:\WINDOWS\System32\NSI.dll
0x00007ff879630000 - 0x00007ff87966a000 	C:\WINDOWS\SYSTEM32\IPHLPAPI.DLL
0x00007ff85f290000 - 0x00007ff85f29e000 	C:\WINDOWS\System32\winrnr.dll
0x00007ff876240000 - 0x00007ff87625c000 	C:\WINDOWS\system32\NLAapi.dll
0x00007ff85e550000 - 0x00007ff85e565000 	C:\WINDOWS\system32\wshbth.dll
0x00007ff86b5f0000 - 0x00007ff86b5fa000 	C:\Windows\System32\rasadhlp.dll
0x00007ff86b640000 - 0x00007ff86b6b7000 	C:\WINDOWS\System32\fwpuclnt.dll
0x00007ff87aee0000 - 0x00007ff87af06000 	C:\WINDOWS\System32\bcrypt.dll
0x00007ff879470000 - 0x00007ff8794a3000 	C:\WINDOWS\system32\rsaenh.dll
0x00007ff87a630000 - 0x00007ff87a655000 	C:\WINDOWS\SYSTEM32\USERENV.dll
0x00007ff879af0000 - 0x00007ff879afc000 	C:\WINDOWS\SYSTEM32\CRYPTBASE.dll
0x00007ff86b620000 - 0x00007ff86b636000 	C:\WINDOWS\SYSTEM32\dhcpcsvc6.DLL
0x00007ff86b600000 - 0x00007ff86b61c000 	C:\WINDOWS\SYSTEM32\dhcpcsvc.DLL

VM Arguments:
jvm_args: -Dcom.sun.management.jmxremote -Dcom.sun.management.jmxremote.port=64957 -Dcom.sun.management.jmxremote.authenticate=false -Dcom.sun.management.jmxremote.ssl=false -Djava.rmi.server.hostname=localhost -Dspring.jmx.enabled=true -Dspring.application.admin.enabled=true -Xverify:none -XX:TieredStopAtLevel=1 -Dspring.boot.project.name=gestionDesNotes -Dfile.encoding=UTF-8 
java_command: com.examplegestionDesNotes.GestionDesNotesApplication
java_class_path (initial): C:\Users\Admin\git\gestionDesNotes\target\classes;C:\Users\Admin\.m2\repository\org\springframework\security\spring-security-config\5.0.4.RELEASE\spring-security-config-5.0.4.RELEASE.jar;C:\Users\Admin\.m2\repository\org\springframework\security\spring-security-core\5.0.4.RELEASE\spring-security-core-5.0.4.RELEASE.jar;C:\Users\Admin\.m2\repository\org\springframework\security\spring-security-web\5.0.4.RELEASE\spring-security-web-5.0.4.RELEASE.jar;C:\Users\Admin\.m2\repository\org\springframework\boot\spring-boot-starter-data-jpa\2.2.6.RELEASE\spring-boot-starter-data-jpa-2.2.6.RELEASE.jar;C:\Users\Admin\.m2\repository\org\springframework\boot\spring-boot-starter-aop\2.2.6.RELEASE\spring-boot-starter-aop-2.2.6.RELEASE.jar;C:\Users\Admin\.m2\repository\org\aspectj\aspectjweaver\1.9.5\aspectjweaver-1.9.5.jar;C:\Users\Admin\.m2\repository\org\springframework\boot\spring-boot-starter-jdbc\2.2.6.RELEASE\spring-boot-starter-jdbc-2.2.6.RELEASE.jar;C:\Users\Admin\.m2\repository\com\zaxxer\HikariCP\3.4.2\HikariCP-3.4.2.jar;C:\Users\Admin\.m2\repository\org\springframework\spring-jdbc\5.2.5.RELEASE\spring-jdbc-5.2.5.RELEASE.jar;C:\Users\Admin\.m2\repository\jakarta\activation\jakarta.activation-api\1.2.2\jakarta.activation-api-1.2.2.jar;C:\Users\Admin\.m2\repository\jakarta\persistence\jakarta.persistence-api\2.2.3\jakarta.persistence-api-2.2.3.jar;C:\Users\Admin\.m2\repository\jakarta\transaction\jakarta.transaction-api\1.3.3\jakarta.transaction-api-1.3.3.jar;C:\Users\Admin\.m2\repository\org\hibernate\hibernate-core\5.4.12.Final\hibernate-core-5.4.12.Final.jar;C:\Users\Admin\.m2\repository\org\jboss\logging\jboss-logging\3.4.1.Final\jboss-logging-3.4.1.Final.jar;C:\Users\Admin\.m2\repository\org\javassist\javassist\3.24.0-GA\javassist-3.24.0-GA.jar;C:\Users\Admin\.m2\repository\net\bytebuddy\byte-buddy\1.10.8\byte-buddy-1.10.8.jar;C:\Users\Admin\.m2\repository\antlr\antlr\2.7.7\antlr-2.7.7.jar;C:\Users\Admin\.m2\repository\org\jboss\jandex\2.1.1.
Launcher Type: SUN_STANDARD

Environment Variables:
PATH=C:/Program Files/Java/jdk-12.0.2/bin/server;C:/Program Files/Java/jdk-12.0.2/bin;C:\Program Files (x86)\Common Files\Oracle\Java\javapath;C:\WINDOWS\system32;C:\WINDOWS;C:\WINDOWS\System32\Wbem;C:\WINDOWS\System32\WindowsPowerShell\v1.0\;C:\WINDOWS\System32\OpenSSH\;C:\Program Files\nodejs\;C:\Users\Admin\AppData\Local\Microsoft\WindowsApps;C:\Users\Admin\AppData\Roaming\npm;C:\Users\Admin\Desktop;
USERNAME=Admin
OS=Windows_NT
PROCESSOR_IDENTIFIER=Intel64 Family 6 Model 69 Stepping 1, GenuineIntel



---------------  S Y S T E M  ---------------

OS: Windows 10.0 , 64 bit Build 18362 (10.0.18362.778)

CPU:total 4 (initial active 4) (2 cores per cpu, 2 threads per core) family 6 model 69 stepping 1, cmov, cx8, fxsr, mmx, sse, sse2, sse3, ssse3, sse4.1, sse4.2, popcnt, avx, avx2, aes, clmul, erms, lzcnt, ht, tsc, tscinvbit, bmi1, bmi2

Memory: 4k page, physical 4088940k(73284k free), swap 16376940k(0k free)

vm_info: Java HotSpot(TM) 64-Bit Server VM (25.171-b11) for windows-amd64 JRE (1.8.0_171-b11), built on Mar 28 2018 16:06:12 by "java_re" with MS VC++ 10.0 (VS2010)

time: Mon May 18 02:19:08 2020
elapsed time: 462 seconds (0d 0h 7m 42s)

