#
# There is insufficient memory for the Java Runtime Environment to continue.
# Native memory allocation (malloc) failed to allocate 32744 bytes for ChunkPool::allocate
# Possible reasons:
#   The system is out of physical RAM or swap space
#   In 32 bit mode, the process size limit was hit
# Possible solutions:
#   Reduce memory load on the system
#   Increase physical memory or swap space
#   Check if swap backing store is full
#   Use 64 bit Java on a 64 bit OS
#   Decrease Java heap size (-Xmx/-Xms)
#   Decrease number of Java threads
#   Decrease Java thread stack sizes (-Xss)
#   Set larger code cache with -XX:ReservedCodeCacheSize=
# This output file may be truncated or incomplete.
#
#  Out of Memory Error (allocation.cpp:273), pid=16128, tid=0x00000000000036cc
#
# JRE version: Java(TM) SE Runtime Environment (8.0_171-b11) (build 1.8.0_171-b11)
# Java VM: Java HotSpot(TM) 64-Bit Server VM (25.171-b11 mixed mode windows-amd64 compressed oops)
# Failed to write core dump. Minidumps are not enabled by default on client versions of Windows
#

---------------  T H R E A D  ---------------

Current thread (0x0000000015f25800):  JavaThread "C1 CompilerThread2" daemon [_thread_in_native, id=14028, stack(0x0000000016420000,0x0000000016520000)]

Stack: [0x0000000016420000,0x0000000016520000]
[error occurred during error reporting (printing stack bounds), id 0xc0000005]

Native frames: (J=compiled Java code, j=interpreted, Vv=VM code, C=native code)


Current CompileTask:
C1: 322290 1302       1       org.springframework.core.ResolvableType::resolveType (151 bytes)


---------------  P R O C E S S  ---------------

Java Threads: ( => current thread )
  0x0000000016c8b000 JavaThread "background-preinit" [_thread_in_native, id=9124, stack(0x0000000017bd0000,0x0000000017cd0000)]
  0x0000000016bc8800 JavaThread "RMI TCP Accept-0" daemon [_thread_in_native, id=16864, stack(0x0000000017360000,0x0000000017460000)]
  0x0000000016ac3000 JavaThread "RMI TCP Accept-64969" daemon [_thread_in_native, id=16516, stack(0x0000000017260000,0x0000000017360000)]
  0x0000000016b9c000 JavaThread "RMI TCP Accept-0" daemon [_thread_in_native, id=16444, stack(0x0000000017460000,0x0000000017560000)]
  0x0000000016aac800 JavaThread "SeedGenerator Thread" daemon [_thread_blocked, id=16056, stack(0x0000000017160000,0x0000000017260000)]
  0x0000000015f2b800 JavaThread "Service Thread" daemon [_thread_blocked, id=10488, stack(0x0000000016520000,0x0000000016620000)]
=>0x0000000015f25800 JavaThread "C1 CompilerThread2" daemon [_thread_in_native, id=14028, stack(0x0000000016420000,0x0000000016520000)]
  0x0000000015f22800 JavaThread "C2 CompilerThread1" daemon [_thread_blocked, id=15372, stack(0x0000000016320000,0x0000000016420000)]
  0x00000000147a3000 JavaThread "C2 CompilerThread0" daemon [_thread_blocked, id=16264, stack(0x0000000015e20000,0x0000000015f20000)]
  0x00000000147a2000 JavaThread "Attach Listener" daemon [_thread_blocked, id=7132, stack(0x0000000015d20000,0x0000000015e20000)]
  0x00000000147a0800 JavaThread "Signal Dispatcher" daemon [_thread_blocked, id=11340, stack(0x0000000015c20000,0x0000000015d20000)]
  0x00000000021ae000 JavaThread "Finalizer" daemon [_thread_blocked, id=3272, stack(0x00000000159f0000,0x0000000015af0000)]
  0x00000000021a4000 JavaThread "Reference Handler" daemon [_thread_blocked, id=13372, stack(0x00000000158f0000,0x00000000159f0000)]
  0x00000000020b5800 JavaThread "main" [_thread_in_vm, id=10796, stack(0x0000000001fb0000,0x00000000020b0000)]

Other Threads:
  0x0000000014767800 VMThread [stack: 0x00000000157f0000,0x00000000158f0000] [id=14084]
  0x0000000016bb0000 WatcherThread [stack: 0x0000000017760000,0x0000000017860000] [id=17092]

VM state:not at safepoint (normal execution)

VM Mutex/Monitor currently owned by a thread: None

Heap:
 PSYoungGen      total 18432K, used 14717K [0x00000000eb300000, 0x00000000ed580000, 0x0000000100000000)
  eden space 16384K, 80% used [0x00000000eb300000,0x00000000ebfce7d0,0x00000000ec300000)
  from space 2048K, 78% used [0x00000000ed380000,0x00000000ed510d38,0x00000000ed580000)
  to   space 2560K, 0% used [0x00000000ed080000,0x00000000ed080000,0x00000000ed300000)
 ParOldGen       total 30720K, used 3698K [0x00000000c1800000, 0x00000000c3600000, 0x00000000eb300000)
  object space 30720K, 12% used [0x00000000c1800000,0x00000000c1b9ca38,0x00000000c3600000)
 Metaspace       used 15124K, capacity 15650K, committed 15872K, reserved 1064960K
  class space    used 2038K, capacity 2179K, committed 2304K, reserved 1048576K

Card table byte_map: [0x0000000011570000,0x0000000011770000] byte_map_base: 0x0000000010f64000

Marking Bits: (ParMarkBitMap*) 0x0000000074b808c0
 Begin Bits: [0x0000000011cc0000, 0x0000000012c60000)
 End Bits:   [0x0000000012c60000, 0x0000000013c00000)

Polling page: 0x0000000000550000

CodeCache: size=245760Kb used=3003Kb max_used=3003Kb free=242756Kb
 bounds [0x00000000021b0000, 0x00000000024a0000, 0x00000000111b0000]
 total_blobs=1660 nmethods=1285 adapters=286
 compilation: enabled

Compilation events (10 events):
Event: 232.465 Thread 0x0000000015f25800 nmethod 1297 0x000000000249be50 code [0x000000000249bfa0, 0x000000000249c110]
Event: 232.477 Thread 0x0000000015f25800 1298       1       org.springframework.boot.context.properties.source.ConfigurationPropertyName::buildToString (138 bytes)
Event: 232.482 Thread 0x0000000015f25800 nmethod 1298 0x000000000249c190 code [0x000000000249c3e0, 0x000000000249ce88]
Event: 232.482 Thread 0x0000000015f25800 1299       1       org.springframework.core.env.SystemEnvironmentPropertySource::getProperty (86 bytes)
Event: 232.485 Thread 0x0000000015f25800 nmethod 1299 0x000000000249d9d0 code [0x000000000249dbe0, 0x000000000249e108]
Event: 232.485 Thread 0x0000000015f25800 1300       1       org.springframework.core.env.SystemEnvironmentPropertySource::resolvePropertyName (45 bytes)
Event: 232.486 Thread 0x0000000015f25800 nmethod 1300 0x000000000249e510 code [0x000000000249e6a0, 0x000000000249e928]
Event: 275.124 Thread 0x0000000015f25800 1301   !   1       java.lang.Class::getEnumConstantsShared (73 bytes)
Event: 275.125 Thread 0x0000000015f25800 nmethod 1301 0x000000000249ead0 code [0x000000000249ec80, 0x000000000249f0e8]
Event: 275.509 Thread 0x0000000015f25800 1302       1       org.springframework.core.ResolvableType::resolveType (151 bytes)

GC Heap History (10 events):
Event: 91.774 GC heap before
{Heap before GC invocations=1 (full 0):
 PSYoungGen      total 18944K, used 16384K [0x00000000eb300000, 0x00000000ec800000, 0x0000000100000000)
  eden space 16384K, 100% used [0x00000000eb300000,0x00000000ec300000,0x00000000ec300000)
  from space 2560K, 0% used [0x00000000ec580000,0x00000000ec580000,0x00000000ec800000)
  to   space 2560K, 0% used [0x00000000ec300000,0x00000000ec300000,0x00000000ec580000)
 ParOldGen       total 44032K, used 0K [0x00000000c1800000, 0x00000000c4300000, 0x00000000eb300000)
  object space 44032K, 0% used [0x00000000c1800000,0x00000000c1800000,0x00000000c4300000)
 Metaspace       used 9217K, capacity 9420K, committed 9728K, reserved 1058816K
  class space    used 1143K, capacity 1202K, committed 1280K, reserved 1048576K
Event: 92.963 GC heap after
Heap after GC invocations=1 (full 0):
 PSYoungGen      total 18944K, used 2552K [0x00000000eb300000, 0x00000000ed800000, 0x0000000100000000)
  eden space 16384K, 0% used [0x00000000eb300000,0x00000000eb300000,0x00000000ec300000)
  from space 2560K, 99% used [0x00000000ec300000,0x00000000ec57e390,0x00000000ec580000)
  to   space 2560K, 0% used [0x00000000ed580000,0x00000000ed580000,0x00000000ed800000)
 ParOldGen       total 44032K, used 675K [0x00000000c1800000, 0x00000000c4300000, 0x00000000eb300000)
  object space 44032K, 1% used [0x00000000c1800000,0x00000000c18a8f28,0x00000000c4300000)
 Metaspace       used 9217K, capacity 9420K, committed 9728K, reserved 1058816K
  class space    used 1143K, capacity 1202K, committed 1280K, reserved 1048576K
}
Event: 149.820 GC heap before
{Heap before GC invocations=2 (full 0):
 PSYoungGen      total 18944K, used 18936K [0x00000000eb300000, 0x00000000ed800000, 0x0000000100000000)
  eden space 16384K, 100% used [0x00000000eb300000,0x00000000ec300000,0x00000000ec300000)
  from space 2560K, 99% used [0x00000000ec300000,0x00000000ec57e390,0x00000000ec580000)
  to   space 2560K, 0% used [0x00000000ed580000,0x00000000ed580000,0x00000000ed800000)
 ParOldGen       total 44032K, used 675K [0x00000000c1800000, 0x00000000c4300000, 0x00000000eb300000)
  object space 44032K, 1% used [0x00000000c1800000,0x00000000c18a8f28,0x00000000c4300000)
 Metaspace       used 11296K, capacity 11576K, committed 11776K, reserved 1058816K
  class space    used 1431K, capacity 1492K, committed 1536K, reserved 1048576K
Event: 149.845 GC heap after
Heap after GC invocations=2 (full 0):
 PSYoungGen      total 18944K, used 2530K [0x00000000eb300000, 0x00000000ed800000, 0x0000000100000000)
  eden space 16384K, 0% used [0x00000000eb300000,0x00000000eb300000,0x00000000ec300000)
  from space 2560K, 98% used [0x00000000ed580000,0x00000000ed7f8a98,0x00000000ed800000)
  to   space 2560K, 0% used [0x00000000ec300000,0x00000000ec300000,0x00000000ec580000)
 ParOldGen       total 44032K, used 2059K [0x00000000c1800000, 0x00000000c4300000, 0x00000000eb300000)
  object space 44032K, 4% used [0x00000000c1800000,0x00000000c1a02d58,0x00000000c4300000)
 Metaspace       used 11296K, capacity 11576K, committed 11776K, reserved 1058816K
  class space    used 1431K, capacity 1492K, committed 1536K, reserved 1048576K
}
Event: 213.240 GC heap before
{Heap before GC invocations=3 (full 0):
 PSYoungGen      total 18944K, used 10520K [0x00000000eb300000, 0x00000000ed800000, 0x0000000100000000)
  eden space 16384K, 48% used [0x00000000eb300000,0x00000000ebacd780,0x00000000ec300000)
  from space 2560K, 98% used [0x00000000ed580000,0x00000000ed7f8a98,0x00000000ed800000)
  to   space 2560K, 0% used [0x00000000ec300000,0x00000000ec300000,0x00000000ec580000)
 ParOldGen       total 44032K, used 2059K [0x00000000c1800000, 0x00000000c4300000, 0x00000000eb300000)
  object space 44032K, 4% used [0x00000000c1800000,0x00000000c1a02d58,0x00000000c4300000)
 Metaspace       used 12547K, capacity 12896K, committed 13056K, reserved 1064960K
  class space    used 1602K, capacity 1694K, committed 1792K, reserved 1048576K
Event: 213.256 GC heap after
Heap after GC invocations=3 (full 0):
 PSYoungGen      total 18944K, used 2530K [0x00000000eb300000, 0x00000000ed600000, 0x0000000100000000)
  eden space 16384K, 0% used [0x00000000eb300000,0x00000000eb300000,0x00000000ec300000)
  from space 2560K, 98% used [0x00000000ec300000,0x00000000ec578a98,0x00000000ec580000)
  to   space 2560K, 0% used [0x00000000ed380000,0x00000000ed380000,0x00000000ed600000)
 ParOldGen       total 44032K, used 3097K [0x00000000c1800000, 0x00000000c4300000, 0x00000000eb300000)
  object space 44032K, 7% used [0x00000000c1800000,0x00000000c1b06690,0x00000000c4300000)
 Metaspace       used 12547K, capacity 12896K, committed 13056K, reserved 1064960K
  class space    used 1602K, capacity 1694K, committed 1792K, reserved 1048576K
}
Event: 213.257 GC heap before
{Heap before GC invocations=4 (full 1):
 PSYoungGen      total 18944K, used 2530K [0x00000000eb300000, 0x00000000ed600000, 0x0000000100000000)
  eden space 16384K, 0% used [0x00000000eb300000,0x00000000eb300000,0x00000000ec300000)
  from space 2560K, 98% used [0x00000000ec300000,0x00000000ec578a98,0x00000000ec580000)
  to   space 2560K, 0% used [0x00000000ed380000,0x00000000ed380000,0x00000000ed600000)
 ParOldGen       total 44032K, used 3097K [0x00000000c1800000, 0x00000000c4300000, 0x00000000eb300000)
  object space 44032K, 7% used [0x00000000c1800000,0x00000000c1b06690,0x00000000c4300000)
 Metaspace       used 12547K, capacity 12896K, committed 13056K, reserved 1064960K
  class space    used 1602K, capacity 1694K, committed 1792K, reserved 1048576K
Event: 219.523 GC heap after
Heap after GC invocations=4 (full 1):
 PSYoungGen      total 18944K, used 0K [0x00000000eb300000, 0x00000000ed600000, 0x0000000100000000)
  eden space 16384K, 0% used [0x00000000eb300000,0x00000000eb300000,0x00000000ec300000)
  from space 2560K, 0% used [0x00000000ec300000,0x00000000ec300000,0x00000000ec580000)
  to   space 2560K, 0% used [0x00000000ed380000,0x00000000ed380000,0x00000000ed600000)
 ParOldGen       total 30720K, used 3690K [0x00000000c1800000, 0x00000000c3600000, 0x00000000eb300000)
  object space 30720K, 12% used [0x00000000c1800000,0x00000000c1b9aa38,0x00000000c3600000)
 Metaspace       used 12547K, capacity 12896K, committed 13056K, reserved 1062912K
  class space    used 1602K, capacity 1694K, committed 1792K, reserved 1048576K
}
Event: 231.005 GC heap before
{Heap before GC invocations=5 (full 1):
 PSYoungGen      total 18944K, used 16384K [0x00000000eb300000, 0x00000000ed600000, 0x0000000100000000)
  eden space 16384K, 100% used [0x00000000eb300000,0x00000000ec300000,0x00000000ec300000)
  from space 2560K, 0% used [0x00000000ec300000,0x00000000ec300000,0x00000000ec580000)
  to   space 2560K, 0% used [0x00000000ed380000,0x00000000ed380000,0x00000000ed600000)
 ParOldGen       total 30720K, used 3690K [0x00000000c1800000, 0x00000000c3600000, 0x00000000eb300000)
  object space 30720K, 12% used [0x00000000c1800000,0x00000000c1b9aa38,0x00000000c3600000)
 Metaspace       used 13867K, capacity 14356K, committed 14592K, reserved 1064960K
  class space    used 1855K, capacity 1994K, committed 2048K, reserved 1048576K
Event: 231.030 GC heap after
Heap after GC invocations=5 (full 1):
 PSYoungGen      total 18432K, used 1603K [0x00000000eb300000, 0x00000000ed580000, 0x0000000100000000)
  eden space 16384K, 0% used [0x00000000eb300000,0x00000000eb300000,0x00000000ec300000)
  from space 2048K, 78% used [0x00000000ed380000,0x00000000ed510d38,0x00000000ed580000)
  to   space 2560K, 0% used [0x00000000ed080000,0x00000000ed080000,0x00000000ed300000)
 ParOldGen       total 30720K, used 3698K [0x00000000c1800000, 0x00000000c3600000, 0x00000000eb300000)
  object space 30720K, 12% used [0x00000000c1800000,0x00000000c1b9ca38,0x00000000c3600000)
 Metaspace       used 13867K, capacity 14356K, committed 14592K, reserved 1064960K
  class space    used 1855K, capacity 1994K, committed 2048K, reserved 1048576K
}

Deoptimization events (0 events):
No events

Classes redefined (0 events):
No events

Internal exceptions (10 events):
Event: 231.142 Thread 0x00000000020b5800 Exception <a 'java/lang/ArrayIndexOutOfBoundsException'> (0x00000000eb453690) thrown at [C:\re\workspace\8-2-build-windows-amd64-cygwin\jdk8u171\10807\hotspot\src\share\vm\runtime\sharedRuntime.cpp, line 605]
Event: 231.142 Thread 0x00000000020b5800 Exception <a 'java/lang/ArrayIndexOutOfBoundsException'> (0x00000000eb455360) thrown at [C:\re\workspace\8-2-build-windows-amd64-cygwin\jdk8u171\10807\hotspot\src\share\vm\runtime\sharedRuntime.cpp, line 605]
Event: 231.290 Thread 0x00000000020b5800 Exception <a 'java/lang/ArrayIndexOutOfBoundsException'> (0x00000000eb609e88) thrown at [C:\re\workspace\8-2-build-windows-amd64-cygwin\jdk8u171\10807\hotspot\src\share\vm\runtime\sharedRuntime.cpp, line 605]
Event: 232.476 Thread 0x00000000020b5800 Exception <a 'java/lang/ArrayIndexOutOfBoundsException'> (0x00000000ebd6c5f8) thrown at [C:\re\workspace\8-2-build-windows-amd64-cygwin\jdk8u171\10807\hotspot\src\share\vm\runtime\sharedRuntime.cpp, line 605]
Event: 232.477 Thread 0x00000000020b5800 Exception <a 'java/lang/ArrayIndexOutOfBoundsException'> (0x00000000ebd6ef88) thrown at [C:\re\workspace\8-2-build-windows-amd64-cygwin\jdk8u171\10807\hotspot\src\share\vm\runtime\sharedRuntime.cpp, line 605]
Event: 274.451 Thread 0x00000000020b5800 Exception <a 'java/lang/ArrayIndexOutOfBoundsException'> (0x00000000ebd7fa80) thrown at [C:\re\workspace\8-2-build-windows-amd64-cygwin\jdk8u171\10807\hotspot\src\share\vm\runtime\sharedRuntime.cpp, line 605]
Event: 274.456 Thread 0x00000000020b5800 Exception <a 'java/lang/ArrayIndexOutOfBoundsException'> (0x00000000ebd8b378) thrown at [C:\re\workspace\8-2-build-windows-amd64-cygwin\jdk8u171\10807\hotspot\src\share\vm\runtime\sharedRuntime.cpp, line 605]
Event: 275.121 Thread 0x00000000020b5800 Exception <a 'java/lang/ArrayIndexOutOfBoundsException'> (0x00000000ebdb00f8) thrown at [C:\re\workspace\8-2-build-windows-amd64-cygwin\jdk8u171\10807\hotspot\src\share\vm\runtime\sharedRuntime.cpp, line 605]
Event: 275.123 Thread 0x00000000020b5800 Exception <a 'java/lang/ArrayIndexOutOfBoundsException'> (0x00000000ebdded68) thrown at [C:\re\workspace\8-2-build-windows-amd64-cygwin\jdk8u171\10807\hotspot\src\share\vm\runtime\sharedRuntime.cpp, line 605]
Event: 275.124 Thread 0x00000000020b5800 Exception <a 'java/lang/ArrayIndexOutOfBoundsException'> (0x00000000ebde8508) thrown at [C:\re\workspace\8-2-build-windows-amd64-cygwin\jdk8u171\10807\hotspot\src\share\vm\runtime\sharedRuntime.cpp, line 605]

Events (10 events):
Event: 275.506 loading class org/springframework/beans/factory/FactoryBean
Event: 275.506 loading class org/springframework/beans/factory/FactoryBean done
Event: 275.507 loading class org/springframework/boot/context/event/ApplicationContextInitializedEvent
Event: 275.507 loading class org/springframework/boot/context/event/ApplicationContextInitializedEvent done
Event: 275.510 loading class org/springframework/boot/StartupInfoLogger
Event: 275.510 loading class org/springframework/boot/StartupInfoLogger done
Event: 275.530 loading class org/hibernate/validator/internal/constraintvalidators/bv/time/futureorpresent/FutureOrPresentValidatorForHijrahDate
Event: 275.530 loading class org/hibernate/validator/internal/constraintvalidators/bv/time/futureorpresent/FutureOrPresentValidatorForHijrahDate done
Event: 277.511 loading class org/hibernate/validator/internal/constraintvalidators/bv/time/futureorpresent/AbstractFutureOrPresentJavaTimeValidator
Event: 277.511 loading class org/hibernate/validator/internal/constraintvalidators/bv/time/futureorpresent/AbstractFutureOrPresentJavaTimeValidator done


Dynamic libraries:
0x00007ff7c8250000 - 0x00007ff7c8287000 	C:\Program Files\Java\jre1.8.0_171\bin\javaw.exe
0x00007ff87e1e0000 - 0x00007ff87e3d0000 	C:\WINDOWS\SYSTEM32\ntdll.dll
0x00007ff8732a0000 - 0x00007ff8732b3000 	C:\Program Files\AVAST Software\Avast\aswhook.dll
0x00007ff87d8d0000 - 0x00007ff87d982000 	C:\WINDOWS\System32\KERNEL32.DLL
0x00007ff87ac30000 - 0x00007ff87aed3000 	C:\WINDOWS\System32\KERNELBASE.dll
0x00007ff87da10000 - 0x00007ff87dab3000 	C:\WINDOWS\System32\ADVAPI32.dll
0x00007ff87bdd0000 - 0x00007ff87be6e000 	C:\WINDOWS\System32\msvcrt.dll
0x00007ff87bd30000 - 0x00007ff87bdc7000 	C:\WINDOWS\System32\sechost.dll
0x00007ff87b900000 - 0x00007ff87ba20000 	C:\WINDOWS\System32\RPCRT4.dll
0x00007ff87c920000 - 0x00007ff87cab4000 	C:\WINDOWS\System32\USER32.dll
0x00007ff87a7e0000 - 0x00007ff87a801000 	C:\WINDOWS\System32\win32u.dll
0x00007ff87dd00000 - 0x00007ff87dd26000 	C:\WINDOWS\System32\GDI32.dll
0x00007ff87a8e0000 - 0x00007ff87aa74000 	C:\WINDOWS\System32\gdi32full.dll
0x00007ff87b010000 - 0x00007ff87b0ae000 	C:\WINDOWS\System32\msvcp_win.dll
0x00007ff87af10000 - 0x00007ff87b00a000 	C:\WINDOWS\System32\ucrtbase.dll
0x00007ff879b80000 - 0x00007ff879e05000 	C:\WINDOWS\WinSxS\amd64_microsoft.windows.common-controls_6595b64144ccf1df_6.0.18362.778_none_e6c6b761130d4fb8\COMCTL32.dll
0x00007ff87cb70000 - 0x00007ff87cea6000 	C:\WINDOWS\System32\combase.dll
0x00007ff87b0b0000 - 0x00007ff87b130000 	C:\WINDOWS\System32\bcryptPrimitives.dll
0x00007ff87c170000 - 0x00007ff87c19e000 	C:\WINDOWS\System32\IMM32.DLL
0x0000000074c00000 - 0x0000000074cd2000 	C:\Program Files\Java\jre1.8.0_171\bin\msvcr100.dll
0x0000000074360000 - 0x0000000074c00000 	C:\Program Files\Java\jre1.8.0_171\bin\server\jvm.dll
0x00007ff87dc90000 - 0x00007ff87dc98000 	C:\WINDOWS\System32\PSAPI.DLL
0x00007ff86a9f0000 - 0x00007ff86a9f9000 	C:\WINDOWS\SYSTEM32\WSOCK32.dll
0x00007ff87ceb0000 - 0x00007ff87cf1f000 	C:\WINDOWS\System32\WS2_32.dll
0x00007ff877300000 - 0x00007ff877324000 	C:\WINDOWS\SYSTEM32\WINMM.dll
0x00007ff86f750000 - 0x00007ff86f75a000 	C:\WINDOWS\SYSTEM32\VERSION.dll
0x00007ff8772d0000 - 0x00007ff8772fd000 	C:\WINDOWS\SYSTEM32\WINMMBASE.dll
0x00007ff87b130000 - 0x00007ff87b17a000 	C:\WINDOWS\System32\cfgmgr32.dll
0x0000000074350000 - 0x000000007435f000 	C:\Program Files\Java\jre1.8.0_171\bin\verify.dll
0x0000000074320000 - 0x0000000074349000 	C:\Program Files\Java\jre1.8.0_171\bin\java.dll
0x0000000074300000 - 0x0000000074316000 	C:\Program Files\Java\jre1.8.0_171\bin\zip.dll
0x00007ff87cfe0000 - 0x00007ff87d6c5000 	C:\WINDOWS\System32\SHELL32.dll
0x00007ff87cf30000 - 0x00007ff87cfd9000 	C:\WINDOWS\System32\shcore.dll
0x00007ff87b180000 - 0x00007ff87b900000 	C:\WINDOWS\System32\windows.storage.dll
0x00007ff87a740000 - 0x00007ff87a763000 	C:\WINDOWS\System32\profapi.dll
0x00007ff87a790000 - 0x00007ff87a7da000 	C:\WINDOWS\System32\powrprof.dll
0x00007ff87a710000 - 0x00007ff87a720000 	C:\WINDOWS\System32\UMPDC.dll
0x00007ff87bfb0000 - 0x00007ff87c002000 	C:\WINDOWS\System32\shlwapi.dll
0x00007ff87a770000 - 0x00007ff87a781000 	C:\WINDOWS\System32\kernel.appcore.dll
0x00007ff87a810000 - 0x00007ff87a827000 	C:\WINDOWS\System32\cryptsp.dll
0x00000000742f0000 - 0x00000000742fd000 	C:\Program Files\Java\jre1.8.0_171\bin\management.dll
0x00000000742d0000 - 0x00000000742ea000 	C:\Program Files\Java\jre1.8.0_171\bin\net.dll
0x00007ff879920000 - 0x00007ff879987000 	C:\WINDOWS\system32\mswsock.dll
0x00000000742b0000 - 0x00000000742c1000 	C:\Program Files\Java\jre1.8.0_171\bin\nio.dll
0x00007ff85c4c0000 - 0x00007ff85c4d6000 	C:\WINDOWS\system32\napinsp.dll
0x00007ff85f2a0000 - 0x00007ff85f2ba000 	C:\WINDOWS\system32\pnrpnsp.dll
0x00007ff879670000 - 0x00007ff87973a000 	C:\WINDOWS\SYSTEM32\DNSAPI.dll
0x00007ff87cf20000 - 0x00007ff87cf28000 	C:\WINDOWS\System32\NSI.dll
0x00007ff879630000 - 0x00007ff87966a000 	C:\WINDOWS\SYSTEM32\IPHLPAPI.DLL
0x00007ff85f290000 - 0x00007ff85f29e000 	C:\WINDOWS\System32\winrnr.dll
0x00007ff876240000 - 0x00007ff87625c000 	C:\WINDOWS\system32\NLAapi.dll
0x00007ff85e550000 - 0x00007ff85e565000 	C:\WINDOWS\system32\wshbth.dll
0x00007ff86b5f0000 - 0x00007ff86b5fa000 	C:\Windows\System32\rasadhlp.dll
0x00007ff86b640000 - 0x00007ff86b6b7000 	C:\WINDOWS\System32\fwpuclnt.dll
0x00007ff87aee0000 - 0x00007ff87af06000 	C:\WINDOWS\System32\bcrypt.dll
0x00007ff879470000 - 0x00007ff8794a3000 	C:\WINDOWS\system32\rsaenh.dll
0x00007ff87a630000 - 0x00007ff87a655000 	C:\WINDOWS\SYSTEM32\USERENV.dll
0x00007ff86b620000 - 0x00007ff86b636000 	C:\WINDOWS\SYSTEM32\dhcpcsvc6.DLL
0x00007ff86b600000 - 0x00007ff86b61c000 	C:\WINDOWS\SYSTEM32\dhcpcsvc.DLL

VM Arguments:
jvm_args: -Dcom.sun.management.jmxremote -Dcom.sun.management.jmxremote.port=64969 -Dcom.sun.management.jmxremote.authenticate=false -Dcom.sun.management.jmxremote.ssl=false -Djava.rmi.server.hostname=localhost -Dspring.jmx.enabled=true -Dspring.application.admin.enabled=true -Xverify:none -XX:TieredStopAtLevel=1 -Dspring.boot.project.name=gestionDesNotes -Dfile.encoding=UTF-8 
java_command: com.examplegestionDesNotes.GestionDesNotesApplication
java_class_path (initial): C:\Users\Admin\git\gestionDesNotes\target\classes;C:\Users\Admin\.m2\repository\org\springframework\security\spring-security-config\5.0.4.RELEASE\spring-security-config-5.0.4.RELEASE.jar;C:\Users\Admin\.m2\repository\org\springframework\security\spring-security-core\5.0.4.RELEASE\spring-security-core-5.0.4.RELEASE.jar;C:\Users\Admin\.m2\repository\org\springframework\security\spring-security-web\5.0.4.RELEASE\spring-security-web-5.0.4.RELEASE.jar;C:\Users\Admin\.m2\repository\org\springframework\boot\spring-boot-starter-data-jpa\2.2.6.RELEASE\spring-boot-starter-data-jpa-2.2.6.RELEASE.jar;C:\Users\Admin\.m2\repository\org\springframework\boot\spring-boot-starter-aop\2.2.6.RELEASE\spring-boot-starter-aop-2.2.6.RELEASE.jar;C:\Users\Admin\.m2\repository\org\aspectj\aspectjweaver\1.9.5\aspectjweaver-1.9.5.jar;C:\Users\Admin\.m2\repository\org\springframework\boot\spring-boot-starter-jdbc\2.2.6.RELEASE\spring-boot-starter-jdbc-2.2.6.RELEASE.jar;C:\Users\Admin\.m2\repository\com\zaxxer\HikariCP\3.4.2\HikariCP-3.4.2.jar;C:\Users\Admin\.m2\repository\org\springframework\spring-jdbc\5.2.5.RELEASE\spring-jdbc-5.2.5.RELEASE.jar;C:\Users\Admin\.m2\repository\jakarta\activation\jakarta.activation-api\1.2.2\jakarta.activation-api-1.2.2.jar;C:\Users\Admin\.m2\repository\jakarta\persistence\jakarta.persistence-api\2.2.3\jakarta.persistence-api-2.2.3.jar;C:\Users\Admin\.m2\repository\jakarta\transaction\jakarta.transaction-api\1.3.3\jakarta.transaction-api-1.3.3.jar;C:\Users\Admin\.m2\repository\org\hibernate\hibernate-core\5.4.12.Final\hibernate-core-5.4.12.Final.jar;C:\Users\Admin\.m2\repository\org\jboss\logging\jboss-logging\3.4.1.Final\jboss-logging-3.4.1.Final.jar;C:\Users\Admin\.m2\repository\org\javassist\javassist\3.24.0-GA\javassist-3.24.0-GA.jar;C:\Users\Admin\.m2\repository\net\bytebuddy\byte-buddy\1.10.8\byte-buddy-1.10.8.jar;C:\Users\Admin\.m2\repository\antlr\antlr\2.7.7\antlr-2.7.7.jar;C:\Users\Admin\.m2\repository\org\jboss\jandex\2.1.1.
Launcher Type: SUN_STANDARD

Environment Variables:
PATH=C:/Program Files/Java/jdk-12.0.2/bin/server;C:/Program Files/Java/jdk-12.0.2/bin;C:\Program Files (x86)\Common Files\Oracle\Java\javapath;C:\WINDOWS\system32;C:\WINDOWS;C:\WINDOWS\System32\Wbem;C:\WINDOWS\System32\WindowsPowerShell\v1.0\;C:\WINDOWS\System32\OpenSSH\;C:\Program Files\nodejs\;C:\Users\Admin\AppData\Local\Microsoft\WindowsApps;C:\Users\Admin\AppData\Roaming\npm;C:\Users\Admin\Desktop;
USERNAME=Admin
OS=Windows_NT
PROCESSOR_IDENTIFIER=Intel64 Family 6 Model 69 Stepping 1, GenuineIntel



---------------  S Y S T E M  ---------------

OS: Windows 10.0 , 64 bit Build 18362 (10.0.18362.778)

CPU:total 4 (initial active 4) (2 cores per cpu, 2 threads per core) family 6 model 69 stepping 1, cmov, cx8, fxsr, mmx, sse, sse2, sse3, ssse3, sse4.1, sse4.2, popcnt, avx, avx2, aes, clmul, erms, lzcnt, ht, tsc, tscinvbit, bmi1, bmi2

Memory: 4k page, physical 4088940k(70840k free), swap 16376940k(4k free)

vm_info: Java HotSpot(TM) 64-Bit Server VM (25.171-b11) for windows-amd64 JRE (1.8.0_171-b11), built on Mar 28 2018 16:06:12 by "java_re" with MS VC++ 10.0 (VS2010)

time: Mon May 18 02:19:02 2020
elapsed time: 322 seconds (0d 0h 5m 22s)

