#
# There is insufficient memory for the Java Runtime Environment to continue.
# Native memory allocation (malloc) failed to allocate 32744 bytes for ChunkPool::allocate
# Possible reasons:
#   The system is out of physical RAM or swap space
#   In 32 bit mode, the process size limit was hit
# Possible solutions:
#   Reduce memory load on the system
#   Increase physical memory or swap space
#   Check if swap backing store is full
#   Use 64 bit Java on a 64 bit OS
#   Decrease Java heap size (-Xmx/-Xms)
#   Decrease number of Java threads
#   Decrease Java thread stack sizes (-Xss)
#   Set larger code cache with -XX:ReservedCodeCacheSize=
# This output file may be truncated or incomplete.
#
#  Out of Memory Error (allocation.cpp:273), pid=6744, tid=0x0000000000003970
#
# JRE version: Java(TM) SE Runtime Environment (8.0_171-b11) (build 1.8.0_171-b11)
# Java VM: Java HotSpot(TM) 64-Bit Server VM (25.171-b11 mixed mode windows-amd64 compressed oops)
# Failed to write core dump. Minidumps are not enabled by default on client versions of Windows
#

---------------  T H R E A D  ---------------

Current thread (0x0000000015fa5000):  JavaThread "C1 CompilerThread2" daemon [_thread_in_native, id=14704, stack(0x00000000164a0000,0x00000000165a0000)]

Stack: [0x00000000164a0000,0x00000000165a0000]
[error occurred during error reporting (printing stack bounds), id 0xc0000005]

Native frames: (J=compiled Java code, j=interpreted, Vv=VM code, C=native code)


Current CompileTask:
C1: 447696 1292       1       org.springframework.core.ResolvableType::resolveType (151 bytes)


---------------  P R O C E S S  ---------------

Java Threads: ( => current thread )
  0x0000000016286800 JavaThread "background-preinit" [_thread_in_vm, id=17240, stack(0x0000000017b50000,0x0000000017c50000)]
  0x0000000016e26800 JavaThread "RMI TCP Accept-0" daemon [_thread_in_native, id=16856, stack(0x00000000175e0000,0x00000000176e0000)]
  0x0000000016e22800 JavaThread "RMI TCP Accept-65000" daemon [_thread_in_native, id=16528, stack(0x00000000174e0000,0x00000000175e0000)]
  0x0000000016e15000 JavaThread "RMI TCP Accept-0" daemon [_thread_in_native, id=13724, stack(0x00000000173e0000,0x00000000174e0000)]
  0x0000000015fac000 JavaThread "Service Thread" daemon [_thread_blocked, id=14816, stack(0x00000000165a0000,0x00000000166a0000)]
=>0x0000000015fa5000 JavaThread "C1 CompilerThread2" daemon [_thread_in_native, id=14704, stack(0x00000000164a0000,0x00000000165a0000)]
  0x000000001487d800 JavaThread "C2 CompilerThread1" daemon [_thread_blocked, id=14692, stack(0x00000000163a0000,0x00000000164a0000)]
  0x0000000014823000 JavaThread "C2 CompilerThread0" daemon [_thread_blocked, id=14420, stack(0x0000000015ea0000,0x0000000015fa0000)]
  0x0000000014821800 JavaThread "Attach Listener" daemon [_thread_blocked, id=14444, stack(0x0000000015da0000,0x0000000015ea0000)]
  0x0000000014820800 JavaThread "Signal Dispatcher" daemon [_thread_blocked, id=14416, stack(0x0000000015ca0000,0x0000000015da0000)]
  0x000000001480a000 JavaThread "Finalizer" daemon [_thread_blocked, id=15176, stack(0x0000000015a70000,0x0000000015b70000)]
  0x0000000002224000 JavaThread "Reference Handler" daemon [_thread_blocked, id=15172, stack(0x0000000015970000,0x0000000015a70000)]
  0x0000000002135800 JavaThread "main" [_thread_blocked, id=14964, stack(0x0000000001fc0000,0x00000000020c0000)]

Other Threads:
  0x00000000147e7800 VMThread [stack: 0x0000000015870000,0x0000000015970000] [id=15120]
  0x0000000016e2c000 WatcherThread [stack: 0x00000000176e0000,0x00000000177e0000] [id=17108]

VM state:not at safepoint (normal execution)

VM Mutex/Monitor currently owned by a thread: None

Heap:
 PSYoungGen      total 18944K, used 13429K [0x00000000eb300000, 0x00000000ec800000, 0x0000000100000000)
  eden space 16384K, 81% used [0x00000000eb300000,0x00000000ec01d7d8,0x00000000ec300000)
  from space 2560K, 0% used [0x00000000ec580000,0x00000000ec580000,0x00000000ec800000)
  to   space 2560K, 0% used [0x00000000ec300000,0x00000000ec300000,0x00000000ec580000)
 ParOldGen       total 31232K, used 3741K [0x00000000c1800000, 0x00000000c3680000, 0x00000000eb300000)
  object space 31232K, 11% used [0x00000000c1800000,0x00000000c1ba7400,0x00000000c3680000)
 Metaspace       used 15050K, capacity 15586K, committed 15872K, reserved 1062912K
  class space    used 2023K, capacity 2179K, committed 2304K, reserved 1048576K

Card table byte_map: [0x00000000115f0000,0x00000000117f0000] byte_map_base: 0x0000000010fe4000

Marking Bits: (ParMarkBitMap*) 0x0000000074b808c0
 Begin Bits: [0x0000000011d40000, 0x0000000012ce0000)
 End Bits:   [0x0000000012ce0000, 0x0000000013c80000)

Polling page: 0x0000000000470000

CodeCache: size=245760Kb used=2984Kb max_used=2984Kb free=242775Kb
 bounds [0x0000000002230000, 0x0000000002520000, 0x0000000011230000]
 total_blobs=1654 nmethods=1280 adapters=286
 compilation: enabled

Compilation events (10 events):
Event: 359.941 Thread 0x0000000015fa5000 nmethod 1287 0x0000000002517690 code [0x00000000025177e0, 0x00000000025178f0]
Event: 359.942 Thread 0x0000000015fa5000 1288       1       java.util.Collections::emptySet (4 bytes)
Event: 359.942 Thread 0x0000000015fa5000 nmethod 1288 0x0000000002517950 code [0x0000000002517aa0, 0x0000000002517b90]
Event: 359.950 Thread 0x0000000015fa5000 1289       1       org.springframework.boot.context.properties.source.ConfigurationPropertyName::buildToString (138 bytes)
Event: 359.953 Thread 0x0000000015fa5000 nmethod 1289 0x0000000002517bd0 code [0x0000000002517e20, 0x00000000025188c8]
Event: 359.953 Thread 0x0000000015fa5000 1290       1       org.springframework.core.env.SystemEnvironmentPropertySource::getProperty (86 bytes)
Event: 359.955 Thread 0x0000000015fa5000 nmethod 1290 0x0000000002519410 code [0x0000000002519620, 0x0000000002519b48]
Event: 359.955 Thread 0x0000000015fa5000 1291       1       org.springframework.core.env.SystemEnvironmentPropertySource::resolvePropertyName (45 bytes)
Event: 359.956 Thread 0x0000000015fa5000 nmethod 1291 0x0000000002519f50 code [0x000000000251a0e0, 0x000000000251a368]
Event: 402.545 Thread 0x0000000015fa5000 1292       1       org.springframework.core.ResolvableType::resolveType (151 bytes)

GC Heap History (10 events):
Event: 219.090 GC heap before
{Heap before GC invocations=1 (full 0):
 PSYoungGen      total 18944K, used 16384K [0x00000000eb300000, 0x00000000ec800000, 0x0000000100000000)
  eden space 16384K, 100% used [0x00000000eb300000,0x00000000ec300000,0x00000000ec300000)
  from space 2560K, 0% used [0x00000000ec580000,0x00000000ec580000,0x00000000ec800000)
  to   space 2560K, 0% used [0x00000000ec300000,0x00000000ec300000,0x00000000ec580000)
 ParOldGen       total 44032K, used 0K [0x00000000c1800000, 0x00000000c4300000, 0x00000000eb300000)
  object space 44032K, 0% used [0x00000000c1800000,0x00000000c1800000,0x00000000c4300000)
 Metaspace       used 9218K, capacity 9452K, committed 9728K, reserved 1058816K
  class space    used 1144K, capacity 1234K, committed 1280K, reserved 1048576K
Event: 219.362 GC heap after
Heap after GC invocations=1 (full 0):
 PSYoungGen      total 18944K, used 2540K [0x00000000eb300000, 0x00000000ec800000, 0x0000000100000000)
  eden space 16384K, 0% used [0x00000000eb300000,0x00000000eb300000,0x00000000ec300000)
  from space 2560K, 99% used [0x00000000ec300000,0x00000000ec57b0d8,0x00000000ec580000)
  to   space 2560K, 0% used [0x00000000ec580000,0x00000000ec580000,0x00000000ec800000)
 ParOldGen       total 44032K, used 661K [0x00000000c1800000, 0x00000000c4300000, 0x00000000eb300000)
  object space 44032K, 1% used [0x00000000c1800000,0x00000000c18a55e8,0x00000000c4300000)
 Metaspace       used 9218K, capacity 9452K, committed 9728K, reserved 1058816K
  class space    used 1144K, capacity 1234K, committed 1280K, reserved 1048576K
}
Event: 284.926 GC heap before
{Heap before GC invocations=2 (full 0):
 PSYoungGen      total 18944K, used 18924K [0x00000000eb300000, 0x00000000ec800000, 0x0000000100000000)
  eden space 16384K, 100% used [0x00000000eb300000,0x00000000ec300000,0x00000000ec300000)
  from space 2560K, 99% used [0x00000000ec300000,0x00000000ec57b0d8,0x00000000ec580000)
  to   space 2560K, 0% used [0x00000000ec580000,0x00000000ec580000,0x00000000ec800000)
 ParOldGen       total 44032K, used 661K [0x00000000c1800000, 0x00000000c4300000, 0x00000000eb300000)
  object space 44032K, 1% used [0x00000000c1800000,0x00000000c18a55e8,0x00000000c4300000)
 Metaspace       used 11350K, capacity 11682K, committed 11776K, reserved 1058816K
  class space    used 1436K, capacity 1527K, committed 1536K, reserved 1048576K
Event: 285.167 GC heap after
Heap after GC invocations=2 (full 0):
 PSYoungGen      total 18944K, used 2537K [0x00000000eb300000, 0x00000000ec800000, 0x0000000100000000)
  eden space 16384K, 0% used [0x00000000eb300000,0x00000000eb300000,0x00000000ec300000)
  from space 2560K, 99% used [0x00000000ec580000,0x00000000ec7fa4a0,0x00000000ec800000)
  to   space 2560K, 0% used [0x00000000ec300000,0x00000000ec300000,0x00000000ec580000)
 ParOldGen       total 44032K, used 2107K [0x00000000c1800000, 0x00000000c4300000, 0x00000000eb300000)
  object space 44032K, 4% used [0x00000000c1800000,0x00000000c1a0ed30,0x00000000c4300000)
 Metaspace       used 11350K, capacity 11682K, committed 11776K, reserved 1058816K
  class space    used 1436K, capacity 1527K, committed 1536K, reserved 1048576K
}
Event: 329.820 GC heap before
{Heap before GC invocations=3 (full 0):
 PSYoungGen      total 18944K, used 18921K [0x00000000eb300000, 0x00000000ec800000, 0x0000000100000000)
  eden space 16384K, 100% used [0x00000000eb300000,0x00000000ec300000,0x00000000ec300000)
  from space 2560K, 99% used [0x00000000ec580000,0x00000000ec7fa4a0,0x00000000ec800000)
  to   space 2560K, 0% used [0x00000000ec300000,0x00000000ec300000,0x00000000ec580000)
 ParOldGen       total 44032K, used 2107K [0x00000000c1800000, 0x00000000c4300000, 0x00000000eb300000)
  object space 44032K, 4% used [0x00000000c1800000,0x00000000c1a0ed30,0x00000000c4300000)
 Metaspace       used 13386K, capacity 13820K, committed 13952K, reserved 1060864K
  class space    used 1742K, capacity 1862K, committed 1920K, reserved 1048576K
Event: 329.934 GC heap after
Heap after GC invocations=3 (full 0):
 PSYoungGen      total 18944K, used 2530K [0x00000000eb300000, 0x00000000ec800000, 0x0000000100000000)
  eden space 16384K, 0% used [0x00000000eb300000,0x00000000eb300000,0x00000000ec300000)
  from space 2560K, 98% used [0x00000000ec300000,0x00000000ec578a98,0x00000000ec580000)
  to   space 2560K, 0% used [0x00000000ec580000,0x00000000ec580000,0x00000000ec800000)
 ParOldGen       total 44032K, used 3829K [0x00000000c1800000, 0x00000000c4300000, 0x00000000eb300000)
  object space 44032K, 8% used [0x00000000c1800000,0x00000000c1bbd660,0x00000000c4300000)
 Metaspace       used 13386K, capacity 13820K, committed 13952K, reserved 1060864K
  class space    used 1742K, capacity 1862K, committed 1920K, reserved 1048576K
}
Event: 343.801 GC heap before
{Heap before GC invocations=4 (full 0):
 PSYoungGen      total 18944K, used 7898K [0x00000000eb300000, 0x00000000ec800000, 0x0000000100000000)
  eden space 16384K, 32% used [0x00000000eb300000,0x00000000eb83dee8,0x00000000ec300000)
  from space 2560K, 98% used [0x00000000ec300000,0x00000000ec578a98,0x00000000ec580000)
  to   space 2560K, 0% used [0x00000000ec580000,0x00000000ec580000,0x00000000ec800000)
 ParOldGen       total 44032K, used 3829K [0x00000000c1800000, 0x00000000c4300000, 0x00000000eb300000)
  object space 44032K, 8% used [0x00000000c1800000,0x00000000c1bbd660,0x00000000c4300000)
 Metaspace       used 13747K, capacity 14164K, committed 14336K, reserved 1064960K
  class space    used 1814K, capacity 1930K, committed 2048K, reserved 1048576K
Event: 347.270 GC heap after
Heap after GC invocations=4 (full 0):
 PSYoungGen      total 18944K, used 2530K [0x00000000eb300000, 0x00000000ec800000, 0x0000000100000000)
  eden space 16384K, 0% used [0x00000000eb300000,0x00000000eb300000,0x00000000ec300000)
  from space 2560K, 98% used [0x00000000ec580000,0x00000000ec7f8a98,0x00000000ec800000)
  to   space 2560K, 0% used [0x00000000ec300000,0x00000000ec300000,0x00000000ec580000)
 ParOldGen       total 44032K, used 4282K [0x00000000c1800000, 0x00000000c4300000, 0x00000000eb300000)
  object space 44032K, 9% used [0x00000000c1800000,0x00000000c1c2e960,0x00000000c4300000)
 Metaspace       used 13747K, capacity 14164K, committed 14336K, reserved 1064960K
  class space    used 1814K, capacity 1930K, committed 2048K, reserved 1048576K
}
Event: 347.270 GC heap before
{Heap before GC invocations=5 (full 1):
 PSYoungGen      total 18944K, used 2530K [0x00000000eb300000, 0x00000000ec800000, 0x0000000100000000)
  eden space 16384K, 0% used [0x00000000eb300000,0x00000000eb300000,0x00000000ec300000)
  from space 2560K, 98% used [0x00000000ec580000,0x00000000ec7f8a98,0x00000000ec800000)
  to   space 2560K, 0% used [0x00000000ec300000,0x00000000ec300000,0x00000000ec580000)
 ParOldGen       total 44032K, used 4282K [0x00000000c1800000, 0x00000000c4300000, 0x00000000eb300000)
  object space 44032K, 9% used [0x00000000c1800000,0x00000000c1c2e960,0x00000000c4300000)
 Metaspace       used 13747K, capacity 14164K, committed 14336K, reserved 1064960K
  class space    used 1814K, capacity 1930K, committed 2048K, reserved 1048576K
Event: 356.829 GC heap after
Heap after GC invocations=5 (full 1):
 PSYoungGen      total 18944K, used 0K [0x00000000eb300000, 0x00000000ec800000, 0x0000000100000000)
  eden space 16384K, 0% used [0x00000000eb300000,0x00000000eb300000,0x00000000ec300000)
  from space 2560K, 0% used [0x00000000ec580000,0x00000000ec580000,0x00000000ec800000)
  to   space 2560K, 0% used [0x00000000ec300000,0x00000000ec300000,0x00000000ec580000)
 ParOldGen       total 31232K, used 3741K [0x00000000c1800000, 0x00000000c3680000, 0x00000000eb300000)
  object space 31232K, 11% used [0x00000000c1800000,0x00000000c1ba7400,0x00000000c3680000)
 Metaspace       used 13747K, capacity 14164K, committed 14336K, reserved 1062912K
  class space    used 1814K, capacity 1930K, committed 2048K, reserved 1048576K
}

Deoptimization events (0 events):
No events

Classes redefined (0 events):
No events

Internal exceptions (10 events):
Event: 357.030 Thread 0x0000000002135800 Exception <a 'java/lang/ArrayIndexOutOfBoundsException'> (0x00000000eb6074b8) thrown at [C:\re\workspace\8-2-build-windows-amd64-cygwin\jdk8u171\10807\hotspot\src\share\vm\runtime\sharedRuntime.cpp, line 605]
Event: 357.032 Thread 0x0000000002135800 Exception <a 'java/lang/ArrayIndexOutOfBoundsException'> (0x00000000eb609680) thrown at [C:\re\workspace\8-2-build-windows-amd64-cygwin\jdk8u171\10807\hotspot\src\share\vm\runtime\sharedRuntime.cpp, line 605]
Event: 357.033 Thread 0x0000000002135800 Exception <a 'java/lang/ArrayIndexOutOfBoundsException'> (0x00000000eb60b7f0) thrown at [C:\re\workspace\8-2-build-windows-amd64-cygwin\jdk8u171\10807\hotspot\src\share\vm\runtime\sharedRuntime.cpp, line 605]
Event: 357.107 Thread 0x0000000002135800 Exception <a 'java/lang/ArrayIndexOutOfBoundsException'> (0x00000000eb7b9d00) thrown at [C:\re\workspace\8-2-build-windows-amd64-cygwin\jdk8u171\10807\hotspot\src\share\vm\runtime\sharedRuntime.cpp, line 605]
Event: 359.949 Thread 0x0000000002135800 Exception <a 'java/lang/ArrayIndexOutOfBoundsException'> (0x00000000ebf22ed8) thrown at [C:\re\workspace\8-2-build-windows-amd64-cygwin\jdk8u171\10807\hotspot\src\share\vm\runtime\sharedRuntime.cpp, line 605]
Event: 359.950 Thread 0x0000000002135800 Exception <a 'java/lang/ArrayIndexOutOfBoundsException'> (0x00000000ebf25868) thrown at [C:\re\workspace\8-2-build-windows-amd64-cygwin\jdk8u171\10807\hotspot\src\share\vm\runtime\sharedRuntime.cpp, line 605]
Event: 400.212 Thread 0x0000000002135800 Exception <a 'java/lang/ArrayIndexOutOfBoundsException'> (0x00000000ebf36220) thrown at [C:\re\workspace\8-2-build-windows-amd64-cygwin\jdk8u171\10807\hotspot\src\share\vm\runtime\sharedRuntime.cpp, line 605]
Event: 400.215 Thread 0x0000000002135800 Exception <a 'java/lang/ArrayIndexOutOfBoundsException'> (0x00000000ebf41b18) thrown at [C:\re\workspace\8-2-build-windows-amd64-cygwin\jdk8u171\10807\hotspot\src\share\vm\runtime\sharedRuntime.cpp, line 605]
Event: 402.489 Thread 0x0000000002135800 Exception <a 'java/lang/OutOfMemoryError'> (0x00000000ebf65640) thrown at [C:\re\workspace\8-2-build-windows-amd64-cygwin\jdk8u171\10807\hotspot\src\share\vm\prims\jni.cpp, line 735]
Event: 402.489 Thread 0x0000000002135800 Exception <a 'java/lang/OutOfMemoryError'> (0x00000000ebf65640) thrown at [C:\re\workspace\8-2-build-windows-amd64-cygwin\jdk8u171\10807\hotspot\src\share\vm\prims\jvm.cpp, line 1439]

Events (10 events):
Event: 402.493 loading class org/hibernate/validator/internal/constraintvalidators/bv/time/futureorpresent/FutureOrPresentValidatorForInstant
Event: 402.493 loading class org/hibernate/validator/internal/constraintvalidators/bv/time/futureorpresent/FutureOrPresentValidatorForInstant done
Event: 402.494 loading class org/hibernate/validator/internal/constraintvalidators/bv/time/futureorpresent/FutureOrPresentValidatorForJapaneseDate
Event: 402.494 loading class org/hibernate/validator/internal/constraintvalidators/bv/time/futureorpresent/FutureOrPresentValidatorForJapaneseDate done
Event: 402.495 loading class org/hibernate/validator/internal/constraintvalidators/bv/time/futureorpresent/FutureOrPresentValidatorForLocalDate
Event: 402.495 loading class org/hibernate/validator/internal/constraintvalidators/bv/time/futureorpresent/FutureOrPresentValidatorForLocalDate done
Event: 402.496 loading class org/hibernate/validator/internal/constraintvalidators/bv/time/futureorpresent/FutureOrPresentValidatorForLocalDateTime
Event: 402.496 loading class org/hibernate/validator/internal/constraintvalidators/bv/time/futureorpresent/FutureOrPresentValidatorForLocalDateTime done
Event: 402.497 loading class org/hibernate/validator/internal/constraintvalidators/bv/time/futureorpresent/FutureOrPresentValidatorForLocalTime
Event: 402.497 loading class org/hibernate/validator/internal/constraintvalidators/bv/time/futureorpresent/FutureOrPresentValidatorForLocalTime done


Dynamic libraries:
0x00007ff7c8250000 - 0x00007ff7c8287000 	C:\Program Files\Java\jre1.8.0_171\bin\javaw.exe
0x00007ff87e1e0000 - 0x00007ff87e3d0000 	C:\WINDOWS\SYSTEM32\ntdll.dll
0x00007ff8732a0000 - 0x00007ff8732b3000 	C:\Program Files\AVAST Software\Avast\aswhook.dll
0x00007ff87d8d0000 - 0x00007ff87d982000 	C:\WINDOWS\System32\KERNEL32.DLL
0x00007ff87ac30000 - 0x00007ff87aed3000 	C:\WINDOWS\System32\KERNELBASE.dll
0x00007ff87da10000 - 0x00007ff87dab3000 	C:\WINDOWS\System32\ADVAPI32.dll
0x00007ff87bdd0000 - 0x00007ff87be6e000 	C:\WINDOWS\System32\msvcrt.dll
0x00007ff87bd30000 - 0x00007ff87bdc7000 	C:\WINDOWS\System32\sechost.dll
0x00007ff87b900000 - 0x00007ff87ba20000 	C:\WINDOWS\System32\RPCRT4.dll
0x00007ff87c920000 - 0x00007ff87cab4000 	C:\WINDOWS\System32\USER32.dll
0x00007ff87a7e0000 - 0x00007ff87a801000 	C:\WINDOWS\System32\win32u.dll
0x00007ff87dd00000 - 0x00007ff87dd26000 	C:\WINDOWS\System32\GDI32.dll
0x00007ff87a8e0000 - 0x00007ff87aa74000 	C:\WINDOWS\System32\gdi32full.dll
0x00007ff87b010000 - 0x00007ff87b0ae000 	C:\WINDOWS\System32\msvcp_win.dll
0x00007ff87af10000 - 0x00007ff87b00a000 	C:\WINDOWS\System32\ucrtbase.dll
0x00007ff879b80000 - 0x00007ff879e05000 	C:\WINDOWS\WinSxS\amd64_microsoft.windows.common-controls_6595b64144ccf1df_6.0.18362.778_none_e6c6b761130d4fb8\COMCTL32.dll
0x00007ff87cb70000 - 0x00007ff87cea6000 	C:\WINDOWS\System32\combase.dll
0x00007ff87b0b0000 - 0x00007ff87b130000 	C:\WINDOWS\System32\bcryptPrimitives.dll
0x00007ff87c170000 - 0x00007ff87c19e000 	C:\WINDOWS\System32\IMM32.DLL
0x0000000074c00000 - 0x0000000074cd2000 	C:\Program Files\Java\jre1.8.0_171\bin\msvcr100.dll
0x0000000074360000 - 0x0000000074c00000 	C:\Program Files\Java\jre1.8.0_171\bin\server\jvm.dll
0x00007ff87dc90000 - 0x00007ff87dc98000 	C:\WINDOWS\System32\PSAPI.DLL
0x00007ff86a9f0000 - 0x00007ff86a9f9000 	C:\WINDOWS\SYSTEM32\WSOCK32.dll
0x00007ff87ceb0000 - 0x00007ff87cf1f000 	C:\WINDOWS\System32\WS2_32.dll
0x00007ff877300000 - 0x00007ff877324000 	C:\WINDOWS\SYSTEM32\WINMM.dll
0x00007ff86f750000 - 0x00007ff86f75a000 	C:\WINDOWS\SYSTEM32\VERSION.dll
0x00007ff8772d0000 - 0x00007ff8772fd000 	C:\WINDOWS\SYSTEM32\WINMMBASE.dll
0x00007ff87b130000 - 0x00007ff87b17a000 	C:\WINDOWS\System32\cfgmgr32.dll
0x0000000074350000 - 0x000000007435f000 	C:\Program Files\Java\jre1.8.0_171\bin\verify.dll
0x0000000074320000 - 0x0000000074349000 	C:\Program Files\Java\jre1.8.0_171\bin\java.dll
0x0000000074300000 - 0x0000000074316000 	C:\Program Files\Java\jre1.8.0_171\bin\zip.dll
0x00007ff87cfe0000 - 0x00007ff87d6c5000 	C:\WINDOWS\System32\SHELL32.dll
0x00007ff87cf30000 - 0x00007ff87cfd9000 	C:\WINDOWS\System32\shcore.dll
0x00007ff87b180000 - 0x00007ff87b900000 	C:\WINDOWS\System32\windows.storage.dll
0x00007ff87a740000 - 0x00007ff87a763000 	C:\WINDOWS\System32\profapi.dll
0x00007ff87a790000 - 0x00007ff87a7da000 	C:\WINDOWS\System32\powrprof.dll
0x00007ff87a710000 - 0x00007ff87a720000 	C:\WINDOWS\System32\UMPDC.dll
0x00007ff87bfb0000 - 0x00007ff87c002000 	C:\WINDOWS\System32\shlwapi.dll
0x00007ff87a770000 - 0x00007ff87a781000 	C:\WINDOWS\System32\kernel.appcore.dll
0x00007ff87a810000 - 0x00007ff87a827000 	C:\WINDOWS\System32\cryptsp.dll
0x00000000742f0000 - 0x00000000742fd000 	C:\Program Files\Java\jre1.8.0_171\bin\management.dll
0x00000000742d0000 - 0x00000000742ea000 	C:\Program Files\Java\jre1.8.0_171\bin\net.dll
0x00007ff879920000 - 0x00007ff879987000 	C:\WINDOWS\system32\mswsock.dll
0x00000000742b0000 - 0x00000000742c1000 	C:\Program Files\Java\jre1.8.0_171\bin\nio.dll
0x00007ff85c4c0000 - 0x00007ff85c4d6000 	C:\WINDOWS\system32\napinsp.dll
0x00007ff85f2a0000 - 0x00007ff85f2ba000 	C:\WINDOWS\system32\pnrpnsp.dll
0x00007ff879670000 - 0x00007ff87973a000 	C:\WINDOWS\SYSTEM32\DNSAPI.dll
0x00007ff87cf20000 - 0x00007ff87cf28000 	C:\WINDOWS\System32\NSI.dll
0x00007ff879630000 - 0x00007ff87966a000 	C:\WINDOWS\SYSTEM32\IPHLPAPI.DLL
0x00007ff85f290000 - 0x00007ff85f29e000 	C:\WINDOWS\System32\winrnr.dll
0x00007ff876240000 - 0x00007ff87625c000 	C:\WINDOWS\system32\NLAapi.dll
0x00007ff85e550000 - 0x00007ff85e565000 	C:\WINDOWS\system32\wshbth.dll
0x00007ff86b5f0000 - 0x00007ff86b5fa000 	C:\Windows\System32\rasadhlp.dll
0x00007ff86b640000 - 0x00007ff86b6b7000 	C:\WINDOWS\System32\fwpuclnt.dll
0x00007ff87aee0000 - 0x00007ff87af06000 	C:\WINDOWS\System32\bcrypt.dll
0x00007ff879470000 - 0x00007ff8794a3000 	C:\WINDOWS\system32\rsaenh.dll
0x00007ff87a630000 - 0x00007ff87a655000 	C:\WINDOWS\SYSTEM32\USERENV.dll
0x00007ff879af0000 - 0x00007ff879afc000 	C:\WINDOWS\SYSTEM32\CRYPTBASE.dll
0x00007ff86b620000 - 0x00007ff86b636000 	C:\WINDOWS\SYSTEM32\dhcpcsvc6.DLL
0x00007ff86b600000 - 0x00007ff86b61c000 	C:\WINDOWS\SYSTEM32\dhcpcsvc.DLL

VM Arguments:
jvm_args: -Dcom.sun.management.jmxremote -Dcom.sun.management.jmxremote.port=65000 -Dcom.sun.management.jmxremote.authenticate=false -Dcom.sun.management.jmxremote.ssl=false -Djava.rmi.server.hostname=localhost -Dspring.jmx.enabled=true -Dspring.application.admin.enabled=true -Xverify:none -XX:TieredStopAtLevel=1 -Dspring.boot.project.name=gestionDesNotes -Dfile.encoding=UTF-8 
java_command: com.examplegestionDesNotes.GestionDesNotesApplication
java_class_path (initial): C:\Users\Admin\git\gestionDesNotes\target\classes;C:\Users\Admin\.m2\repository\org\springframework\security\spring-security-config\5.0.4.RELEASE\spring-security-config-5.0.4.RELEASE.jar;C:\Users\Admin\.m2\repository\org\springframework\security\spring-security-core\5.0.4.RELEASE\spring-security-core-5.0.4.RELEASE.jar;C:\Users\Admin\.m2\repository\org\springframework\security\spring-security-web\5.0.4.RELEASE\spring-security-web-5.0.4.RELEASE.jar;C:\Users\Admin\.m2\repository\org\springframework\boot\spring-boot-starter-data-jpa\2.2.6.RELEASE\spring-boot-starter-data-jpa-2.2.6.RELEASE.jar;C:\Users\Admin\.m2\repository\org\springframework\boot\spring-boot-starter-aop\2.2.6.RELEASE\spring-boot-starter-aop-2.2.6.RELEASE.jar;C:\Users\Admin\.m2\repository\org\aspectj\aspectjweaver\1.9.5\aspectjweaver-1.9.5.jar;C:\Users\Admin\.m2\repository\org\springframework\boot\spring-boot-starter-jdbc\2.2.6.RELEASE\spring-boot-starter-jdbc-2.2.6.RELEASE.jar;C:\Users\Admin\.m2\repository\com\zaxxer\HikariCP\3.4.2\HikariCP-3.4.2.jar;C:\Users\Admin\.m2\repository\org\springframework\spring-jdbc\5.2.5.RELEASE\spring-jdbc-5.2.5.RELEASE.jar;C:\Users\Admin\.m2\repository\jakarta\activation\jakarta.activation-api\1.2.2\jakarta.activation-api-1.2.2.jar;C:\Users\Admin\.m2\repository\jakarta\persistence\jakarta.persistence-api\2.2.3\jakarta.persistence-api-2.2.3.jar;C:\Users\Admin\.m2\repository\jakarta\transaction\jakarta.transaction-api\1.3.3\jakarta.transaction-api-1.3.3.jar;C:\Users\Admin\.m2\repository\org\hibernate\hibernate-core\5.4.12.Final\hibernate-core-5.4.12.Final.jar;C:\Users\Admin\.m2\repository\org\jboss\logging\jboss-logging\3.4.1.Final\jboss-logging-3.4.1.Final.jar;C:\Users\Admin\.m2\repository\org\javassist\javassist\3.24.0-GA\javassist-3.24.0-GA.jar;C:\Users\Admin\.m2\repository\net\bytebuddy\byte-buddy\1.10.8\byte-buddy-1.10.8.jar;C:\Users\Admin\.m2\repository\antlr\antlr\2.7.7\antlr-2.7.7.jar;C:\Users\Admin\.m2\repository\org\jboss\jandex\2.1.1.
Launcher Type: SUN_STANDARD

Environment Variables:
PATH=C:/Program Files/Java/jdk-12.0.2/bin/server;C:/Program Files/Java/jdk-12.0.2/bin;C:\Program Files (x86)\Common Files\Oracle\Java\javapath;C:\WINDOWS\system32;C:\WINDOWS;C:\WINDOWS\System32\Wbem;C:\WINDOWS\System32\WindowsPowerShell\v1.0\;C:\WINDOWS\System32\OpenSSH\;C:\Program Files\nodejs\;C:\Users\Admin\AppData\Local\Microsoft\WindowsApps;C:\Users\Admin\AppData\Roaming\npm;C:\Users\Admin\Desktop;
USERNAME=Admin
OS=Windows_NT
PROCESSOR_IDENTIFIER=Intel64 Family 6 Model 69 Stepping 1, GenuineIntel



---------------  S Y S T E M  ---------------

OS: Windows 10.0 , 64 bit Build 18362 (10.0.18362.778)

CPU:total 4 (initial active 4) (2 cores per cpu, 2 threads per core) family 6 model 69 stepping 1, cmov, cx8, fxsr, mmx, sse, sse2, sse3, ssse3, sse4.1, sse4.2, popcnt, avx, avx2, aes, clmul, erms, lzcnt, ht, tsc, tscinvbit, bmi1, bmi2

Memory: 4k page, physical 4088940k(68312k free), swap 16376940k(4k free)

vm_info: Java HotSpot(TM) 64-Bit Server VM (25.171-b11) for windows-amd64 JRE (1.8.0_171-b11), built on Mar 28 2018 16:06:12 by "java_re" with MS VC++ 10.0 (VS2010)

time: Mon May 18 02:19:02 2020
elapsed time: 448 seconds (0d 0h 7m 28s)

